2024-09-21 13:11:32.186 [info] Configuration changed
2024-09-21 13:11:52.443 [info] /home/zoro/Desktop/PROGRAMMING/MY-PROJECTS/EduAccess/EduAccess/templates/base.html closed
2024-09-21 13:11:52.469 [info] Active editor: file:///home/zoro/Desktop/PROGRAMMING/MY-PROJECTS/EduAccess/school/templates/school/home_view.html
2024-09-21 13:12:25.245 [info] Active editor: file:///home/zoro/Desktop/PROGRAMMING/MY-PROJECTS/EduAccess/library/templates/library/books_view.html
2024-09-21 13:12:32.922 [info] Active editor: file:///home/zoro/Desktop/PROGRAMMING/MY-PROJECTS/EduAccess/library/templates/library/libraries_view.html
2024-09-21 13:13:05.041 [info] Active editor: file:///home/zoro/Desktop/PROGRAMMING/MY-PROJECTS/EduAccess/library/templates/library/books_view.html
2024-09-21 13:13:26.109 [info] Active editor: file:///home/zoro/Desktop/PROGRAMMING/MY-PROJECTS/EduAccess/library/templates/library/libraries_view.html
2024-09-21 13:13:28.071 [info] Active editor: file:///home/zoro/Desktop/PROGRAMMING/MY-PROJECTS/EduAccess/school/templates/school/classes_view.html
2024-09-21 13:13:50.360 [info] Active editor: file:///home/zoro/Desktop/PROGRAMMING/MY-PROJECTS/EduAccess/school/templates/school/grade_view.html
2024-09-21 13:14:21.716 [info] Active editor: file:///home/zoro/Desktop/PROGRAMMING/MY-PROJECTS/EduAccess/school/templates/school/classes_view.html
2024-09-21 13:14:24.637 [info] Active editor: file:///home/zoro/Desktop/PROGRAMMING/MY-PROJECTS/EduAccess/school/templates/school/login_view.html
2024-09-21 13:14:49.266 [info] Active editor: file:///home/zoro/Desktop/PROGRAMMING/MY-PROJECTS/EduAccess/school/templates/school/parents_view.html
2024-09-21 13:15:09.909 [info] Active editor: file:///home/zoro/Desktop/PROGRAMMING/MY-PROJECTS/EduAccess/school/templates/school/register_view.html
2024-09-21 13:15:28.745 [info] Active editor: file:///home/zoro/Desktop/PROGRAMMING/MY-PROJECTS/EduAccess/school/templates/school/roles_view.html
2024-09-21 13:15:47.073 [info] Active editor: file:///home/zoro/Desktop/PROGRAMMING/MY-PROJECTS/EduAccess/school/templates/school/staff_view.html
2024-09-21 13:16:04.869 [info] Active editor: file:///home/zoro/Desktop/PROGRAMMING/MY-PROJECTS/EduAccess/school/templates/school/students_view.html
2024-09-21 13:16:25.379 [info] Active editor: file:///home/zoro/Desktop/PROGRAMMING/MY-PROJECTS/EduAccess/school/templates/school/subjects_view.html
2024-09-21 13:16:46.588 [info] Active editor: file:///home/zoro/Desktop/PROGRAMMING/MY-PROJECTS/EduAccess/school/__init__.py
2024-09-21 13:16:59.490 [info] /home/zoro/Desktop/PROGRAMMING/MY-PROJECTS/EduAccess/school/__init__.py closed
2024-09-21 13:16:59.513 [info] Active editor: file:///home/zoro/Desktop/PROGRAMMING/MY-PROJECTS/EduAccess/school/templates/school/logout_view.html
2024-09-21 13:17:15.361 [info] Active editor: file:///home/zoro/Desktop/PROGRAMMING/MY-PROJECTS/EduAccess/school/templates/school/subjects_view.html
2024-09-21 13:17:24.853 [info] Active editor: file:///home/zoro/Desktop/PROGRAMMING/MY-PROJECTS/EduAccess/school/templates/school/students_view.html
2024-09-21 13:17:26.388 [info] Active editor: file:///home/zoro/Desktop/PROGRAMMING/MY-PROJECTS/EduAccess/school/templates/school/staff_view.html
2024-09-21 13:17:27.046 [info] Active editor: file:///home/zoro/Desktop/PROGRAMMING/MY-PROJECTS/EduAccess/school/templates/school/parents_view.html
2024-09-21 13:17:28.698 [info] Active editor: file:///home/zoro/Desktop/PROGRAMMING/MY-PROJECTS/EduAccess/school/templates/school/logout_view.html
2024-09-21 13:17:29.978 [info] Active editor: file:///home/zoro/Desktop/PROGRAMMING/MY-PROJECTS/EduAccess/school/templates/school/login_view.html
2024-09-21 13:17:30.999 [info] Active editor: file:///home/zoro/Desktop/PROGRAMMING/MY-PROJECTS/EduAccess/school/templates/school/grade_view.html
2024-09-21 13:17:31.961 [info] Active editor: file:///home/zoro/Desktop/PROGRAMMING/MY-PROJECTS/EduAccess/school/templates/school/home_view.html
2024-09-21 13:17:33.071 [info] Active editor: file:///home/zoro/Desktop/PROGRAMMING/MY-PROJECTS/EduAccess/school/templates/school/grade_view.html
2024-09-21 13:17:34.709 [info] Active editor: file:///home/zoro/Desktop/PROGRAMMING/MY-PROJECTS/EduAccess/school/templates/school/classes_view.html
2024-09-21 13:17:37.413 [info] Active editor: file:///home/zoro/Desktop/PROGRAMMING/MY-PROJECTS/EduAccess/store/templates/store/items_view.html
2024-09-21 13:17:51.353 [info] Active editor: file:///home/zoro/Desktop/PROGRAMMING/MY-PROJECTS/EduAccess/store/templates/store/stores_view.html
2024-09-21 13:18:30.454 [info] Active editor: file:///home/zoro/Desktop/PROGRAMMING/MY-PROJECTS/EduAccess/EduAccess/settings.py
2024-09-21 13:18:32.188 [info] /home/zoro/Desktop/PROGRAMMING/MY-PROJECTS/EduAccess/EduAccess/settings.py closed
2024-09-21 13:18:32.208 [info] Active editor: file:///home/zoro/Desktop/PROGRAMMING/MY-PROJECTS/EduAccess/EduAccess/urls.py
2024-09-21 13:18:51.943 [info] Active editor: file:///home/zoro/Desktop/PROGRAMMING/MY-PROJECTS/EduAccess/school/urls.py
2024-09-21 13:18:57.820 [info] /home/zoro/Desktop/PROGRAMMING/MY-PROJECTS/EduAccess/school/urls.py closed
2024-09-21 13:18:57.845 [info] Active editor: file:///home/zoro/Desktop/PROGRAMMING/MY-PROJECTS/EduAccess/library/urls.py
2024-09-21 13:19:13.562 [info] Active editor: file:///home/zoro/Desktop/PROGRAMMING/MY-PROJECTS/EduAccess/EduAccess/urls.py
2024-09-21 13:22:50.748 [info] Active editor: file:///home/zoro/Desktop/PROGRAMMING/MY-PROJECTS/EduAccess/school/templates/school/home_view.html
2024-09-21 13:24:32.089 [info] /home/zoro/Desktop/PROGRAMMING/MY-PROJECTS/EduAccess/library/urls.py closed
2024-09-21 13:24:32.106 [info] Active editor: file:///home/zoro/Desktop/PROGRAMMING/MY-PROJECTS/EduAccess/EduAccess/settings.py
2024-09-21 13:25:10.857 [info] Active editor: file:///home/zoro/Desktop/PROGRAMMING/MY-PROJECTS/EduAccess/school/templates/school/home_view.html
2024-09-21 13:25:25.141 [info] Active editor: file:///home/zoro/Desktop/PROGRAMMING/MY-PROJECTS/EduAccess/school/templates/school/classes_view.html
2024-09-21 13:25:31.885 [info] Active editor: file:///home/zoro/Desktop/PROGRAMMING/MY-PROJECTS/EduAccess/school/templates/school/grade_view.html
2024-09-21 13:25:40.147 [info] Active editor: file:///home/zoro/Desktop/PROGRAMMING/MY-PROJECTS/EduAccess/school/templates/school/home_view.html
2024-09-21 13:25:43.993 [info] Active editor: file:///home/zoro/Desktop/PROGRAMMING/MY-PROJECTS/EduAccess/school/templates/school/grade_view.html
2024-09-21 13:25:45.700 [info] Active editor: file:///home/zoro/Desktop/PROGRAMMING/MY-PROJECTS/EduAccess/school/templates/school/classes_view.html
2024-09-21 13:25:47.234 [info] Active editor: file:///home/zoro/Desktop/PROGRAMMING/MY-PROJECTS/EduAccess/school/templates/school/home_view.html
2024-09-21 13:25:49.331 [info] Active editor: file:///home/zoro/Desktop/PROGRAMMING/MY-PROJECTS/EduAccess/school/templates/school/login_view.html
2024-09-21 13:25:55.904 [info] Active editor: file:///home/zoro/Desktop/PROGRAMMING/MY-PROJECTS/EduAccess/school/templates/school/logout_view.html
2024-09-21 13:26:00.912 [info] Active editor: file:///home/zoro/Desktop/PROGRAMMING/MY-PROJECTS/EduAccess/school/templates/school/parents_view.html
2024-09-21 13:26:05.267 [info] Active editor: file:///home/zoro/Desktop/PROGRAMMING/MY-PROJECTS/EduAccess/school/templates/school/register_view.html
2024-09-21 13:26:09.394 [info] Active editor: file:///home/zoro/Desktop/PROGRAMMING/MY-PROJECTS/EduAccess/school/templates/school/roles_view.html
2024-09-21 13:26:15.511 [info] Active editor: file:///home/zoro/Desktop/PROGRAMMING/MY-PROJECTS/EduAccess/school/templates/school/staff_view.html
2024-09-21 13:26:20.336 [info] Active editor: file:///home/zoro/Desktop/PROGRAMMING/MY-PROJECTS/EduAccess/school/templates/school/students_view.html
2024-09-21 13:26:26.617 [info] Active editor: file:///home/zoro/Desktop/PROGRAMMING/MY-PROJECTS/EduAccess/school/templates/school/subjects_view.html
2024-09-21 13:26:36.310 [info] Active editor: file:///home/zoro/Desktop/PROGRAMMING/MY-PROJECTS/EduAccess/library/templates/library/books_view.html
2024-09-21 13:26:40.725 [info] Active editor: file:///home/zoro/Desktop/PROGRAMMING/MY-PROJECTS/EduAccess/library/templates/library/libraries_view.html
2024-09-21 13:26:52.255 [info] Active editor: file:///home/zoro/Desktop/PROGRAMMING/MY-PROJECTS/EduAccess/store/templates/store/items_view.html
2024-09-21 13:26:57.680 [info] Active editor: file:///home/zoro/Desktop/PROGRAMMING/MY-PROJECTS/EduAccess/store/templates/store/stores_view.html
2024-09-21 13:27:27.245 [info] Active editor: file:///home/zoro/Desktop/PROGRAMMING/MY-PROJECTS/EduAccess/templates/base.html
2024-09-21 13:31:19.002 [info] Active editor: file:///home/zoro/Desktop/PROGRAMMING/MY-PROJECTS/EduAccess/school/views.py
2024-09-21 13:31:48.818 [info] /home/zoro/Desktop/PROGRAMMING/MY-PROJECTS/EduAccess/school/views.py closed
2024-09-21 13:31:48.844 [info] Active editor: file:///home/zoro/Desktop/PROGRAMMING/MY-PROJECTS/EduAccess/school/urls.py
2024-09-21 13:32:47.582 [info] /home/zoro/Desktop/PROGRAMMING/MY-PROJECTS/EduAccess/school/urls.py closed
2024-09-21 13:32:47.605 [info] Active editor: file:///home/zoro/Desktop/PROGRAMMING/MY-PROJECTS/EduAccess/school/views.py
2024-09-21 13:33:35.966 [info] Active editor: file:///home/zoro/Desktop/PROGRAMMING/MY-PROJECTS/EduAccess/school/templates/school/logout_view.html
2024-09-21 13:33:43.982 [info] Active editor: file:///home/zoro/Desktop/PROGRAMMING/MY-PROJECTS/EduAccess/templates/base.html
2024-09-21 13:36:57.195 [info] Active editor: file:///home/zoro/Desktop/PROGRAMMING/MY-PROJECTS/EduAccess/school/admin.py
2024-09-21 13:37:19.829 [info] /home/zoro/Desktop/PROGRAMMING/MY-PROJECTS/EduAccess/school/admin.py closed
2024-09-21 13:37:19.849 [info] Active editor: file:///home/zoro/Desktop/PROGRAMMING/MY-PROJECTS/EduAccess/library/admin.py
2024-09-21 13:37:30.399 [info] /home/zoro/Desktop/PROGRAMMING/MY-PROJECTS/EduAccess/library/admin.py closed
2024-09-21 13:37:30.415 [info] Active editor: file:///home/zoro/Desktop/PROGRAMMING/MY-PROJECTS/EduAccess/library/models.py
2024-09-21 13:39:05.916 [info] /usr/local/lib/python3.10/dist-packages/django/db/models/fields/related.py closed
2024-09-21 14:15:15.124 [info] Active editor: file:///home/zoro/Desktop/PROGRAMMING/MY-PROJECTS/EduAccess/school/models.py
2024-09-21 14:22:01.890 [info] Active editor: file:///home/zoro/Desktop/PROGRAMMING/MY-PROJECTS/EduAccess/library/models.py
2024-09-21 14:22:07.634 [info] Active editor: file:///home/zoro/Desktop/PROGRAMMING/MY-PROJECTS/EduAccess/library/admin.py
2024-09-21 14:22:30.315 [info] Active editor: file:///home/zoro/Desktop/PROGRAMMING/MY-PROJECTS/EduAccess/library/views.py
2024-09-21 14:25:08.337 [info] Active editor: file:///home/zoro/Desktop/PROGRAMMING/MY-PROJECTS/EduAccess/library/admin.py
2024-09-21 14:25:15.915 [info] Active editor: file:///home/zoro/Desktop/PROGRAMMING/MY-PROJECTS/EduAccess/library/templates/library/books_view.html
2024-09-21 14:25:41.309 [info] Active editor: file:///home/zoro/Desktop/PROGRAMMING/MY-PROJECTS/EduAccess/library/templates/library/requests_view.html
2024-09-21 14:26:08.679 [info] Active editor: file:///home/zoro/Desktop/PROGRAMMING/MY-PROJECTS/EduAccess/school/models.py
2024-09-21 14:26:15.511 [info] Active editor: file:///home/zoro/Desktop/PROGRAMMING/MY-PROJECTS/EduAccess/school/admin.py
2024-09-21 14:27:04.274 [info] Active editor: file:///home/zoro/Desktop/PROGRAMMING/MY-PROJECTS/EduAccess/school/views.py
2024-09-21 14:30:35.978 [info] Active editor: file:///home/zoro/Desktop/PROGRAMMING/MY-PROJECTS/EduAccess/school/templates/school/performance_view.html
2024-09-21 14:31:50.002 [info] Active editor: file:///home/zoro/Desktop/PROGRAMMING/MY-PROJECTS/EduAccess/library/urls.py
2024-09-21 14:32:02.462 [info] Active editor: file:///home/zoro/Desktop/PROGRAMMING/MY-PROJECTS/EduAccess/library/views.py
2024-09-21 14:32:06.060 [info] Active editor: file:///home/zoro/Desktop/PROGRAMMING/MY-PROJECTS/EduAccess/library/urls.py
2024-09-21 14:33:08.353 [info] Active editor: file:///home/zoro/Desktop/PROGRAMMING/MY-PROJECTS/EduAccess/school/urls.py
2024-09-21 14:35:53.749 [info] Active editor: file:///home/zoro/Desktop/PROGRAMMING/MY-PROJECTS/EduAccess/library/models.py
2024-09-21 20:00:02.398 [info] Active editor: file:///home/zoro/Desktop/PROGRAMMING/MY-PROJECTS/EduAccess/library/views.py
2024-09-21 20:03:56.119 [info] Active editor: file:///home/zoro/Desktop/PROGRAMMING/MY-PROJECTS/EduAccess/library/urls.py
2024-09-21 20:05:12.673 [info] Active editor: file:///home/zoro/Desktop/PROGRAMMING/MY-PROJECTS/EduAccess/store/views.py
2024-09-21 20:06:11.140 [info] Active editor: file:///home/zoro/Desktop/PROGRAMMING/MY-PROJECTS/EduAccess/store/urls.py
2024-09-21 20:06:51.855 [info] Active editor: file:///home/zoro/Desktop/PROGRAMMING/MY-PROJECTS/EduAccess/school/templates/school/classes_view.html
2024-09-21 20:07:11.698 [info] Active editor: file:///home/zoro/Desktop/PROGRAMMING/MY-PROJECTS/EduAccess/store/templates/store/store_home.html
2024-09-21 20:07:37.191 [info] Active editor: file:///home/zoro/Desktop/PROGRAMMING/MY-PROJECTS/EduAccess/library/templates/library/library_home.hml
2024-09-21 20:08:27.247 [info] /home/zoro/Desktop/PROGRAMMING/MY-PROJECTS/EduAccess/library/templates/library/library_home.hml closed
2024-09-21 20:08:27.337 [info] Active editor: file:///home/zoro/Desktop/PROGRAMMING/MY-PROJECTS/EduAccess/library/templates/library/library_home.html
2024-09-22 12:05:50.207 [info] Active editor: file:///home/zoro/Desktop/PROGRAMMING/MY-PROJECTS/EduAccess/school/models.py
2024-09-22 12:32:35.913 [info] Active editor: file:///home/zoro/Desktop/PROGRAMMING/MY-PROJECTS/EduAccess/school/models.py
2024-09-22 12:34:40.923 [info] Active editor: file:///home/zoro/Desktop/PROGRAMMING/MY-PROJECTS/EduAccess/school/admin.py
2024-09-22 12:35:20.194 [info] Active editor: file:///home/zoro/Desktop/PROGRAMMING/MY-PROJECTS/EduAccess/school/views.py
2024-09-22 12:36:21.248 [info] Active editor: file:///home/zoro/Desktop/PROGRAMMING/MY-PROJECTS/EduAccess/library/models.py
2024-09-22 12:36:44.356 [info] Active editor: file:///home/zoro/Desktop/PROGRAMMING/MY-PROJECTS/EduAccess/library/views.py
2024-09-22 12:37:09.917 [info] Active editor: file:///home/zoro/Desktop/PROGRAMMING/MY-PROJECTS/EduAccess/library/admin.py
2024-09-22 12:37:28.442 [info] Active editor: file:///home/zoro/Desktop/PROGRAMMING/MY-PROJECTS/EduAccess/library/models.py
2024-09-22 12:37:47.526 [info] Active editor: file:///home/zoro/Desktop/PROGRAMMING/MY-PROJECTS/EduAccess/store/admin.py
2024-09-22 12:38:11.325 [info] Active editor: file:///home/zoro/Desktop/PROGRAMMING/MY-PROJECTS/EduAccess/store/models.py
2024-09-22 12:38:21.165 [info] Active editor: file:///home/zoro/Desktop/PROGRAMMING/MY-PROJECTS/EduAccess/store/admin.py
2024-09-22 12:38:24.260 [info] Active editor: file:///home/zoro/Desktop/PROGRAMMING/MY-PROJECTS/EduAccess/store/views.py
2024-09-22 12:39:01.510 [info] Active editor: file:///home/zoro/Desktop/PROGRAMMING/MY-PROJECTS/EduAccess/school/models.py
2024-09-22 12:47:35.352 [info] Active editor: file:///root/.dbclient/storage/1726673417474%40%40127.0.0.1%403306/create-db-template.sql
2024-09-22 12:51:01.603 [info] /home/zoro/Desktop/PROGRAMMING/MY-PROJECTS/EduAccess/school/models.py closed
2024-09-22 12:51:02.954 [info] /root/.dbclient/storage/1726673417474@@127.0.0.1@3306/create-db-template.sql closed
2024-09-22 12:51:02.958 [info] Active editor: file:///home/zoro/Desktop/PROGRAMMING/MY-PROJECTS/EduAccess/store/views.py
2024-09-22 12:51:04.442 [info] Active editor: file:///home/zoro/Desktop/PROGRAMMING/MY-PROJECTS/EduAccess/school/templates/school/performance_view.html
2024-09-22 12:51:05.394 [info] /home/zoro/Desktop/PROGRAMMING/MY-PROJECTS/EduAccess/school/templates/school/performance_view.html closed
2024-09-22 12:51:05.398 [info] Active editor: file:///home/zoro/Desktop/PROGRAMMING/MY-PROJECTS/EduAccess/store/views.py
2024-09-22 12:51:07.120 [info] /home/zoro/Desktop/PROGRAMMING/MY-PROJECTS/EduAccess/store/views.py closed
2024-09-22 12:51:07.124 [info] Active editor: file:///home/zoro/Desktop/PROGRAMMING/MY-PROJECTS/EduAccess/store/admin.py
2024-09-22 12:51:07.898 [info] /home/zoro/Desktop/PROGRAMMING/MY-PROJECTS/EduAccess/store/urls.py closed
2024-09-22 12:51:08.671 [info] /home/zoro/Desktop/PROGRAMMING/MY-PROJECTS/EduAccess/school/urls.py closed
2024-09-22 12:51:09.190 [info] Active editor: file:///home/zoro/Desktop/PROGRAMMING/MY-PROJECTS/EduAccess/EduAccess/urls.py
2024-09-22 12:51:10.284 [info] /home/zoro/Desktop/PROGRAMMING/MY-PROJECTS/EduAccess/EduAccess/urls.py closed
2024-09-22 12:51:10.289 [info] Active editor: file:///home/zoro/Desktop/PROGRAMMING/MY-PROJECTS/EduAccess/store/admin.py
2024-09-22 12:51:11.876 [info] /home/zoro/Desktop/PROGRAMMING/MY-PROJECTS/EduAccess/school/templates/school/login_view.html closed
2024-09-22 12:51:12.708 [info] /home/zoro/Desktop/PROGRAMMING/MY-PROJECTS/EduAccess/school/templates/school/parents_view.html closed
2024-09-22 12:51:13.500 [info] /home/zoro/Desktop/PROGRAMMING/MY-PROJECTS/EduAccess/school/templates/school/register_view.html closed
2024-09-22 12:51:14.281 [info] /home/zoro/Desktop/PROGRAMMING/MY-PROJECTS/EduAccess/school/templates/school/roles_view.html closed
2024-09-22 12:51:15.021 [info] /home/zoro/Desktop/PROGRAMMING/MY-PROJECTS/EduAccess/school/templates/school/staff_view.html closed
2024-09-22 12:51:15.674 [info] Active editor: file:///home/zoro/Desktop/PROGRAMMING/MY-PROJECTS/EduAccess/school/templates/school/students_view.html
2024-09-22 12:51:16.867 [info] /home/zoro/Desktop/PROGRAMMING/MY-PROJECTS/EduAccess/school/templates/school/students_view.html closed
2024-09-22 12:51:16.872 [info] Active editor: file:///home/zoro/Desktop/PROGRAMMING/MY-PROJECTS/EduAccess/store/admin.py
2024-09-22 12:51:19.425 [info] /home/zoro/Desktop/PROGRAMMING/MY-PROJECTS/EduAccess/store/models.py closed
2024-09-22 12:51:21.162 [info] /home/zoro/Desktop/PROGRAMMING/MY-PROJECTS/EduAccess/library/views.py closed
2024-09-22 12:51:27.457 [info] /home/zoro/Desktop/PROGRAMMING/MY-PROJECTS/EduAccess/school/admin.py closed
2024-09-22 12:51:29.608 [info] /home/zoro/Desktop/PROGRAMMING/MY-PROJECTS/EduAccess/library/urls.py closed
2024-09-22 12:51:31.056 [info] Active editor: file:///home/zoro/Desktop/PROGRAMMING/MY-PROJECTS/EduAccess/school/templates/school/subjects_view.html
2024-09-22 12:51:31.993 [info] /home/zoro/Desktop/PROGRAMMING/MY-PROJECTS/EduAccess/school/templates/school/subjects_view.html closed
2024-09-22 12:51:31.998 [info] Active editor: file:///home/zoro/Desktop/PROGRAMMING/MY-PROJECTS/EduAccess/store/admin.py
2024-09-22 12:51:35.531 [info] /home/zoro/Desktop/PROGRAMMING/MY-PROJECTS/EduAccess/school/views.py closed
2024-09-22 12:51:36.984 [info] /home/zoro/Desktop/PROGRAMMING/MY-PROJECTS/EduAccess/school/templates/school/logout_view.html closed
2024-09-22 12:51:38.754 [info] /home/zoro/Desktop/PROGRAMMING/MY-PROJECTS/EduAccess/library/admin.py closed
2024-09-22 12:51:39.609 [info] /home/zoro/Desktop/PROGRAMMING/MY-PROJECTS/EduAccess/store/admin.py closed
2024-09-22 12:51:39.614 [info] Active editor: file:///home/zoro/Desktop/PROGRAMMING/MY-PROJECTS/EduAccess/library/models.py
2024-09-22 12:51:40.660 [info] /home/zoro/Desktop/PROGRAMMING/MY-PROJECTS/EduAccess/library/models.py closed
2024-09-22 12:51:40.666 [info] Active editor: file:///home/zoro/Desktop/PROGRAMMING/MY-PROJECTS/EduAccess/library/templates/library/library_home.html
2024-09-22 12:51:42.403 [info] /home/zoro/Desktop/PROGRAMMING/MY-PROJECTS/EduAccess/store/templates/store/stores_view.html closed
2024-09-22 12:51:43.917 [info] /home/zoro/Desktop/PROGRAMMING/MY-PROJECTS/EduAccess/templates/base.html closed
2024-09-22 12:51:44.604 [info] Active editor: file:///home/zoro/Desktop/PROGRAMMING/MY-PROJECTS/EduAccess/store/templates/store/items_view.html
2024-09-22 12:51:46.547 [info] /home/zoro/Desktop/PROGRAMMING/MY-PROJECTS/EduAccess/store/templates/store/items_view.html closed
2024-09-22 12:51:46.552 [info] Active editor: file:///home/zoro/Desktop/PROGRAMMING/MY-PROJECTS/EduAccess/library/templates/library/library_home.html
2024-09-22 12:51:47.324 [info] /home/zoro/Desktop/PROGRAMMING/MY-PROJECTS/EduAccess/library/templates/library/library_home.html closed
2024-09-22 12:51:47.328 [info] Active editor: file:///home/zoro/Desktop/PROGRAMMING/MY-PROJECTS/EduAccess/store/templates/store/store_home.html
2024-09-22 12:51:48.175 [info] /home/zoro/Desktop/PROGRAMMING/MY-PROJECTS/EduAccess/store/templates/store/store_home.html closed
2024-09-22 12:51:48.179 [info] Active editor: file:///home/zoro/Desktop/PROGRAMMING/MY-PROJECTS/EduAccess/school/templates/school/classes_view.html
2024-09-22 12:51:48.967 [info] /home/zoro/Desktop/PROGRAMMING/MY-PROJECTS/EduAccess/school/templates/school/classes_view.html closed
2024-09-22 12:51:48.971 [info] Active editor: file:///home/zoro/Desktop/PROGRAMMING/MY-PROJECTS/EduAccess/library/templates/library/requests_view.html
2024-09-22 12:51:50.528 [info] /home/zoro/Desktop/PROGRAMMING/MY-PROJECTS/EduAccess/library/templates/library/libraries_view.html closed
2024-09-22 12:51:51.486 [info] /home/zoro/Desktop/PROGRAMMING/MY-PROJECTS/EduAccess/library/templates/library/requests_view.html closed
2024-09-22 12:51:51.490 [info] Active editor: file:///home/zoro/Desktop/PROGRAMMING/MY-PROJECTS/EduAccess/library/templates/library/books_view.html
2024-09-22 12:51:52.308 [info] /home/zoro/Desktop/PROGRAMMING/MY-PROJECTS/EduAccess/library/templates/library/books_view.html closed
2024-09-22 12:51:52.314 [info] Active editor: file:///home/zoro/Desktop/PROGRAMMING/MY-PROJECTS/EduAccess/school/templates/school/home_view.html
2024-09-22 12:51:53.236 [info] /home/zoro/Desktop/PROGRAMMING/MY-PROJECTS/EduAccess/school/templates/school/grade_view.html closed
2024-09-22 12:51:54.935 [info] /home/zoro/Desktop/PROGRAMMING/MY-PROJECTS/EduAccess/EduAccess/settings.py closed
2024-09-22 12:51:56.231 [info] /home/zoro/Desktop/PROGRAMMING/MY-PROJECTS/EduAccess/school/templates/school/home_view.html closed
2024-09-22 12:52:05.988 [info] Active editor: file:///home/zoro/Desktop/PROGRAMMING/MY-PROJECTS/EduAccess/school/models.py
