2024-09-13 14:31:17.888 [info] [main] Log level: Info
2024-09-13 14:31:17.888 [info] [main] Validating found git in: "git"
2024-09-13 14:31:17.888 [info] [main] Using git "2.46.0" from "git"
2024-09-13 14:31:17.888 [info] [Model][doInitialScan] Initial repository scan started
2024-09-13 14:31:17.888 [info] > git rev-parse --show-toplevel [26ms]
2024-09-13 14:31:17.894 [info] > git rev-parse --show-toplevel [10ms]
2024-09-13 14:31:17.904 [info] > git rev-parse --show-toplevel [1ms]
2024-09-13 14:31:17.907 [info] [Model][doInitialScan] Initial repository scan completed - repositories (0), closed repositories (0), parent repositories (1), unsafe repositories (0)
2024-09-13 14:35:48.079 [info] > git rev-parse --show-toplevel [4ms]
2024-09-13 14:41:15.401 [info] > git rev-parse --show-toplevel [2ms]
2024-09-13 14:43:18.445 [info] > git rev-parse --show-toplevel [2ms]
2024-09-13 14:43:44.152 [info] > git rev-parse --show-toplevel [1ms]
2024-09-13 14:48:18.079 [info] > git rev-parse --show-toplevel [2ms]
2024-09-13 14:51:04.041 [info] > git rev-parse --show-toplevel [2ms]
2024-09-13 14:51:30.358 [info] > git rev-parse --show-toplevel [2ms]
2024-09-13 14:51:33.651 [info] > git rev-parse --show-toplevel [2ms]
2024-09-13 14:52:32.637 [info] > git rev-parse --show-toplevel [2ms]
2024-09-13 14:52:36.139 [info] > git rev-parse --show-toplevel [4ms]
2024-09-13 15:06:54.749 [info] > git rev-parse --show-toplevel [2ms]
2024-09-13 15:07:29.365 [info] > git rev-parse --show-toplevel [4ms]
