2024-09-21 13:11:32.733 [info] (Client) Pylance async client (2024.9.1) started with python extension (2024.14.1)
2024-09-21 13:11:33.335 [info] [Info  - 1:11:33 PM] (35050) Server root directory: file:///root/.vscode/extensions/ms-python.vscode-pylance-2024.9.1/dist
2024-09-21 13:11:33.336 [info] [Info  - 1:11:33 PM] (35050) Pylance language server 2024.9.1 (pyright version 1.1.378, commit ce64adc1) starting
2024-09-21 13:11:33.336 [info] [Info  - 1:11:33 PM] (35050) Starting service instance "EduAccess"
2024-09-21 13:11:33.369 [info] [Info  - 1:11:33 PM] (35050) Setting environmentName for service "EduAccess": "3.10.12 (global)"
2024-09-21 13:11:33.369 [info] [Info  - 1:11:33 PM] (35050) Setting pythonPath for service "EduAccess": "/bin/python3"
2024-09-21 13:11:33.369 [info] [Info  - 1:11:33 PM] (35050) No include entries specified; assuming /home/zoro/Desktop/PROGRAMMING/MY-PROJECTS/EduAccess
2024-09-21 13:11:33.370 [info] [Info  - 1:11:33 PM] (35050) Auto-excluding **/node_modules
2024-09-21 13:11:33.370 [info] [Info  - 1:11:33 PM] (35050) Auto-excluding **/__pycache__
2024-09-21 13:11:33.371 [info] [Info  - 1:11:33 PM] (35050) Auto-excluding **/.*
2024-09-21 13:11:33.398 [info] [Info  - 1:11:33 PM] (35050) Assuming Python version 3.10.12.final.0
2024-09-21 13:11:33.613 [info] [Info  - 1:11:33 PM] (35050) Found 131 source files
2024-09-21 13:11:33.889 [info] [Info  - 1:11:33 PM] (35050) Background analysis(1) root directory: file:///root/.vscode/extensions/ms-python.vscode-pylance-2024.9.1/dist
2024-09-21 13:11:33.891 [info] [Info  - 1:11:33 PM] (35050) Background analysis(1) started
2024-09-21 13:16:47.342 [info] [Info  - 1:16:47 PM] (35050) Indexer background runner(2) root directory: file:///root/.vscode/extensions/ms-python.vscode-pylance-2024.9.1/dist (index)
2024-09-21 13:16:47.342 [info] [Info  - 1:16:47 PM] (35050) Indexing(2) started
2024-09-21 13:16:47.926 [info] [Info  - 1:16:47 PM] (35050) scanned(2) 129 files over 1 exec env
2024-09-21 13:16:48.160 [info] [Info  - 1:16:48 PM] (35050) indexed(2) 72 files over 1 exec env
2024-09-21 13:16:48.197 [info] [Info  - 1:16:48 PM] (35050) Indexing finished(2).
2024-09-21 13:20:16.953 [info] [Info  - 1:20:16 PM] (35050) Found 132 source files
2024-09-21 13:24:41.353 [info] [Info  - 1:24:41 PM] (35050) Found 133 source files
2024-09-21 13:32:56.054 [info] [Info  - 1:32:56 PM] (35050) Found 134 source files
2024-09-21 13:39:06.978 [info] [Info  - 1:39:06 PM] (35050) Found 135 source files
2024-09-21 13:39:25.693 [info] [Info  - 1:39:25 PM] (35050) Found 136 source files
2024-09-21 14:13:36.025 [info] [Info  - 2:13:36 PM] (35050) Starting service instance "<default>"
2024-09-21 14:13:36.131 [info] [Info  - 2:13:36 PM] (35050) Setting environmentName for service "<default>": "3.10.12 (global)"
2024-09-21 14:13:36.131 [info] [Info  - 2:13:36 PM] (35050) Setting pythonPath for service "<default>": "/bin/python3"
2024-09-21 14:13:36.132 [info] [Info  - 2:13:36 PM] (35050) No include entries specified; assuming /<default workspace root>
2024-09-21 14:13:36.132 [info] [Info  - 2:13:36 PM] (35050) Auto-excluding **/node_modules
2024-09-21 14:13:36.133 [info] [Info  - 2:13:36 PM] (35050) Auto-excluding **/__pycache__
2024-09-21 14:13:36.133 [info] [Info  - 2:13:36 PM] (35050) Auto-excluding **/.*
2024-09-21 14:13:36.171 [info] [Info  - 2:13:36 PM] (35050) Assuming Python version 3.10.12.final.0
2024-09-21 14:13:36.220 [info] [Error - 2:13:36 PM] (35050) File or directory "/<default workspace root>" does not exist.
2024-09-21 14:13:36.220 [info] [Info  - 2:13:36 PM] (35050) No source files found.
2024-09-21 14:13:36.738 [info] [Info  - 2:13:36 PM] (35050) Background analysis(3) root directory: file:///root/.vscode/extensions/ms-python.vscode-pylance-2024.9.1/dist
2024-09-21 14:13:36.741 [info] [Info  - 2:13:36 PM] (35050) Background analysis(3) started
2024-09-21 14:14:18.080 [info] [Info  - 2:14:18 PM] (35050) Found 137 source files
2024-09-21 14:14:55.284 [info] [Info  - 2:14:55 PM] (35050) Found 138 source files
2024-09-21 14:18:36.955 [info] [Info  - 2:18:36 PM] (35050) Found 139 source files
2024-09-21 14:19:36.151 [info] [Info  - 2:19:36 PM] (35050) Found 140 source files
2024-09-21 14:21:26.120 [info] [Info  - 2:21:26 PM] (35050) Found 142 source files
2024-09-21 14:22:28.081 [info] [Info  - 2:22:28 PM] (35050) Found 143 source files
2024-09-21 14:24:58.642 [info] [Info  - 2:24:58 PM] (35050) Found 144 source files
2024-09-21 14:26:43.951 [info] [Info  - 2:26:43 PM] (35050) Found 145 source files
2024-09-21 14:27:01.980 [info] [Info  - 2:27:01 PM] (35050) Found 146 source files
2024-09-21 14:28:55.880 [info] [Info  - 2:28:55 PM] (35050) Found 147 source files
2024-09-21 14:29:18.277 [info] [Info  - 2:29:18 PM] (35050) Found 148 source files
2024-09-21 14:30:10.021 [info] [Info  - 2:30:10 PM] (35050) Found 149 source files
2024-09-21 14:32:56.888 [info] [Info  - 2:32:56 PM] (35050) Found 150 source files
2024-09-21 14:34:08.001 [info] [Info  - 2:34:08 PM] (35050) Found 151 source files
2024-09-21 20:03:47.502 [info] [Info  - 8:03:47 PM] (35050) Found 152 source files
2024-09-21 20:05:00.772 [info] [Info  - 8:05:00 PM] (35050) Found 153 source files
2024-09-21 20:05:29.825 [info] [Info  - 8:05:29 PM] (35050) Found 154 source files
2024-09-21 20:05:52.690 [info] [Info  - 8:05:52 PM] (35050) Found 155 source files
2024-09-21 20:06:48.555 [info] [Info  - 8:06:48 PM] (35050) Found 156 source files
2024-09-22 12:26:01.646 [info] [Info  - 12:26:01 PM] (35050) Found 157 source files
2024-09-22 12:26:31.594 [info] [Info  - 12:26:31 PM] (35050) Found 158 source files
2024-09-22 12:27:33.285 [info] [Info  - 12:27:33 PM] (35050) Found 159 source files
2024-09-22 12:29:25.203 [info] [Info  - 12:29:25 PM] (35050) Found 160 source files
2024-09-22 12:34:07.393 [info] [Info  - 12:34:07 PM] (35050) Found 161 source files
2024-09-22 12:35:15.701 [info] [Info  - 12:35:15 PM] (35050) Found 162 source files
2024-09-22 12:36:13.281 [info] [Info  - 12:36:13 PM] (35050) Found 163 source files
2024-09-22 12:36:40.050 [info] [Info  - 12:36:40 PM] (35050) Found 164 source files
2024-09-22 12:36:57.054 [info] [Info  - 12:36:57 PM] (35050) Found 165 source files
2024-09-22 12:37:07.135 [info] [Info  - 12:37:07 PM] (35050) Found 166 source files
2024-09-22 12:37:17.111 [info] [Info  - 12:37:17 PM] (35050) Found 167 source files
2024-09-22 12:37:39.315 [info] [Info  - 12:37:39 PM] (35050) Found 168 source files
2024-09-22 12:38:09.693 [info] [Info  - 12:38:09 PM] (35050) Found 169 source files
2024-09-22 12:38:19.300 [info] [Info  - 12:38:19 PM] (35050) Found 170 source files
2024-09-22 12:38:34.984 [info] [Info  - 12:38:34 PM] (35050) Found 171 source files
2024-09-22 12:39:07.578 [info] [Info  - 12:39:07 PM] (35050) Found 172 source files
2024-09-22 12:40:41.521 [info] [Info  - 12:40:41 PM] (35050) Found 173 source files
2024-09-22 12:45:07.045 [info] [Info  - 12:45:07 PM] (35050) Found 174 source files
2024-09-22 12:46:43.798 [info] [Info  - 12:46:43 PM] (35050) Found 177 source files
