2024-09-18 16:48:01.269 [info] [main] Log level: Info
2024-09-18 16:48:01.269 [info] [main] Validating found git in: "git"
2024-09-18 16:48:01.269 [info] [main] Using git "2.46.1" from "git"
2024-09-18 16:48:01.269 [info] [Model][doInitialScan] Initial repository scan started
2024-09-18 16:48:01.269 [info] > git rev-parse --show-toplevel [9ms]
2024-09-18 16:48:01.270 [info] > git rev-parse --show-toplevel [4ms]
2024-09-18 16:48:02.010 [info] > git rev-parse --show-toplevel [734ms]
2024-09-18 16:48:02.140 [info] > git rev-parse --show-toplevel [23ms]
2024-09-18 16:48:02.153 [info] > git rev-parse --show-toplevel [3ms]
2024-09-18 16:48:02.168 [info] > git rev-parse --show-toplevel [5ms]
2024-09-18 16:48:02.170 [info] [Model][doInitialScan] Initial repository scan completed - repositories (0), closed repositories (0), parent repositories (1), unsafe repositories (0)
2024-09-18 16:48:02.177 [info] > git rev-parse --show-toplevel [2ms]
2024-09-18 16:56:15.225 [info] > git rev-parse --show-toplevel [2ms]
2024-09-18 17:04:45.047 [info] > git rev-parse --show-toplevel [2ms]
2024-09-18 17:04:59.658 [info] > git rev-parse --show-toplevel [2ms]
2024-09-18 17:09:57.627 [info] > git rev-parse --show-toplevel [2ms]
2024-09-18 17:10:04.746 [info] > git rev-parse --show-toplevel [2ms]
2024-09-18 17:10:04.753 [info] > git rev-parse --show-toplevel [2ms]
2024-09-18 17:10:28.877 [info] > git rev-parse --show-toplevel [1ms]
2024-09-18 17:10:28.914 [info] > git rev-parse --show-toplevel [1ms]
2024-09-18 17:10:28.923 [info] > git rev-parse --show-toplevel [2ms]
2024-09-18 17:12:04.978 [info] > git rev-parse --show-toplevel [2ms]
2024-09-18 17:12:05.021 [info] > git rev-parse --show-toplevel [2ms]
2024-09-18 17:12:05.028 [info] > git rev-parse --show-toplevel [2ms]
2024-09-18 17:12:29.187 [info] > git rev-parse --show-toplevel [1ms]
2024-09-18 17:12:29.253 [info] > git rev-parse --show-toplevel [1ms]
2024-09-18 17:12:29.262 [info] > git rev-parse --show-toplevel [2ms]
2024-09-18 17:14:14.272 [info] > git rev-parse --show-toplevel [2ms]
2024-09-18 17:14:14.315 [info] > git rev-parse --show-toplevel [1ms]
2024-09-18 17:14:14.322 [info] > git rev-parse --show-toplevel [1ms]
2024-09-18 17:14:19.744 [info] > git rev-parse --show-toplevel [2ms]
2024-09-18 17:14:19.762 [info] > git rev-parse --show-toplevel [2ms]
2024-09-18 17:14:19.772 [info] > git rev-parse --show-toplevel [2ms]
2024-09-18 17:14:33.688 [info] > git rev-parse --show-toplevel [2ms]
2024-09-18 17:14:33.755 [info] > git rev-parse --show-toplevel [2ms]
2024-09-18 17:14:33.763 [info] > git rev-parse --show-toplevel [2ms]
2024-09-18 17:14:59.491 [info] > git rev-parse --show-toplevel [2ms]
2024-09-18 17:14:59.521 [info] > git rev-parse --show-toplevel [2ms]
2024-09-18 17:14:59.529 [info] > git rev-parse --show-toplevel [2ms]
2024-09-18 17:15:19.065 [info] > git rev-parse --show-toplevel [1ms]
2024-09-18 17:15:19.129 [info] > git rev-parse --show-toplevel [2ms]
2024-09-18 17:15:19.136 [info] > git rev-parse --show-toplevel [2ms]
2024-09-18 17:15:44.595 [info] > git rev-parse --show-toplevel [3ms]
2024-09-18 17:15:44.637 [info] > git rev-parse --show-toplevel [2ms]
2024-09-18 17:15:44.645 [info] > git rev-parse --show-toplevel [2ms]
2024-09-18 17:18:35.821 [info] > git rev-parse --show-toplevel [3ms]
2024-09-18 17:18:35.855 [info] > git rev-parse --show-toplevel [2ms]
2024-09-18 17:18:35.864 [info] > git rev-parse --show-toplevel [2ms]
2024-09-18 17:18:43.415 [info] > git rev-parse --show-toplevel [2ms]
2024-09-18 17:18:43.503 [info] > git rev-parse --show-toplevel [5ms]
2024-09-18 17:18:43.510 [info] > git rev-parse --show-toplevel [2ms]
2024-09-18 17:18:50.907 [info] > git rev-parse --show-toplevel [4ms]
2024-09-18 17:18:50.959 [info] > git rev-parse --show-toplevel [1ms]
2024-09-18 17:18:50.966 [info] > git rev-parse --show-toplevel [1ms]
2024-09-18 17:19:03.382 [info] > git rev-parse --show-toplevel [3ms]
2024-09-18 17:19:03.398 [info] > git rev-parse --show-toplevel [3ms]
2024-09-18 17:19:03.406 [info] > git rev-parse --show-toplevel [2ms]
2024-09-18 17:19:46.917 [info] > git rev-parse --show-toplevel [4ms]
2024-09-18 17:19:46.936 [info] > git rev-parse --show-toplevel [2ms]
2024-09-18 17:19:46.945 [info] > git rev-parse --show-toplevel [2ms]
2024-09-18 17:19:52.719 [info] > git rev-parse --show-toplevel [2ms]
2024-09-18 17:19:52.822 [info] > git rev-parse --show-toplevel [2ms]
2024-09-18 17:19:52.829 [info] > git rev-parse --show-toplevel [2ms]
2024-09-18 17:20:06.142 [info] > git rev-parse --show-toplevel [2ms]
2024-09-18 17:20:06.185 [info] > git rev-parse --show-toplevel [2ms]
2024-09-18 17:20:06.192 [info] > git rev-parse --show-toplevel [1ms]
2024-09-18 17:20:56.236 [info] > git rev-parse --show-toplevel [4ms]
2024-09-18 17:20:56.254 [info] > git rev-parse --show-toplevel [2ms]
2024-09-18 17:20:56.265 [info] > git rev-parse --show-toplevel [2ms]
2024-09-18 17:21:00.795 [info] > git rev-parse --show-toplevel [3ms]
2024-09-18 17:21:00.815 [info] > git rev-parse --show-toplevel [3ms]
2024-09-18 17:21:00.823 [info] > git rev-parse --show-toplevel [2ms]
2024-09-18 17:26:56.892 [info] > git rev-parse --show-toplevel [2ms]
2024-09-18 17:26:56.955 [info] > git rev-parse --show-toplevel [2ms]
2024-09-18 17:26:56.963 [info] > git rev-parse --show-toplevel [2ms]
2024-09-18 17:26:58.766 [info] > git rev-parse --show-toplevel [4ms]
2024-09-18 17:26:58.786 [info] > git rev-parse --show-toplevel [2ms]
2024-09-18 17:26:58.794 [info] > git rev-parse --show-toplevel [2ms]
2024-09-18 17:27:03.563 [info] > git rev-parse --show-toplevel [4ms]
2024-09-18 17:27:03.583 [info] > git rev-parse --show-toplevel [2ms]
2024-09-18 17:27:03.592 [info] > git rev-parse --show-toplevel [2ms]
2024-09-18 17:27:08.377 [info] > git rev-parse --show-toplevel [3ms]
2024-09-18 17:27:08.395 [info] > git rev-parse --show-toplevel [3ms]
2024-09-18 17:27:08.403 [info] > git rev-parse --show-toplevel [1ms]
2024-09-18 17:27:37.388 [info] > git rev-parse --show-toplevel [3ms]
2024-09-18 17:27:37.408 [info] > git rev-parse --show-toplevel [3ms]
2024-09-18 17:27:37.416 [info] > git rev-parse --show-toplevel [1ms]
2024-09-18 17:28:14.055 [info] > git rev-parse --show-toplevel [4ms]
2024-09-18 17:28:14.108 [info] > git rev-parse --show-toplevel [2ms]
2024-09-18 17:28:14.115 [info] > git rev-parse --show-toplevel [2ms]
2024-09-18 17:28:46.926 [info] > git rev-parse --show-toplevel [4ms]
2024-09-18 17:28:46.948 [info] > git rev-parse --show-toplevel [2ms]
2024-09-18 17:28:46.958 [info] > git rev-parse --show-toplevel [2ms]
2024-09-18 17:30:00.317 [info] > git rev-parse --show-toplevel [3ms]
2024-09-18 17:30:00.337 [info] > git rev-parse --show-toplevel [1ms]
2024-09-18 17:30:00.345 [info] > git rev-parse --show-toplevel [1ms]
2024-09-18 17:31:35.414 [info] > git rev-parse --show-toplevel [2ms]
2024-09-18 17:31:35.423 [info] > git rev-parse --show-toplevel [1ms]
2024-09-18 17:31:35.431 [info] > git rev-parse --show-toplevel [2ms]
2024-09-18 17:31:39.690 [info] > git rev-parse --show-toplevel [2ms]
2024-09-18 17:31:39.699 [info] > git rev-parse --show-toplevel [2ms]
2024-09-18 17:31:39.712 [info] > git rev-parse --show-toplevel [2ms]
2024-09-18 17:31:39.747 [info] > git rev-parse --show-toplevel [3ms]
2024-09-18 17:31:39.755 [info] > git rev-parse --show-toplevel [2ms]
2024-09-18 17:31:41.909 [info] > git rev-parse --show-toplevel [3ms]
2024-09-18 17:31:41.922 [info] > git rev-parse --show-toplevel [2ms]
2024-09-18 17:31:41.931 [info] > git rev-parse --show-toplevel [2ms]
2024-09-18 17:32:25.876 [info] > git rev-parse --show-toplevel [3ms]
2024-09-18 17:32:25.906 [info] > git rev-parse --show-toplevel [1ms]
2024-09-18 17:32:25.914 [info] > git rev-parse --show-toplevel [2ms]
2024-09-18 17:32:27.384 [info] > git rev-parse --show-toplevel [3ms]
2024-09-18 17:32:27.403 [info] > git rev-parse --show-toplevel [2ms]
2024-09-18 17:32:27.411 [info] > git rev-parse --show-toplevel [2ms]
2024-09-18 17:32:38.637 [info] > git rev-parse --show-toplevel [4ms]
2024-09-18 17:32:38.656 [info] > git rev-parse --show-toplevel [3ms]
2024-09-18 17:32:38.665 [info] > git rev-parse --show-toplevel [2ms]
2024-09-18 17:33:59.719 [info] > git rev-parse --show-toplevel [4ms]
2024-09-18 17:33:59.738 [info] > git rev-parse --show-toplevel [2ms]
2024-09-18 17:33:59.746 [info] > git rev-parse --show-toplevel [2ms]
2024-09-18 17:34:04.695 [info] > git rev-parse --show-toplevel [3ms]
2024-09-18 17:34:04.716 [info] > git rev-parse --show-toplevel [3ms]
2024-09-18 17:34:04.725 [info] > git rev-parse --show-toplevel [2ms]
2024-09-18 17:46:36.404 [info] > git rev-parse --show-toplevel [5ms]
2024-09-18 17:46:36.467 [info] > git rev-parse --show-toplevel [1ms]
2024-09-18 17:46:36.475 [info] > git rev-parse --show-toplevel [2ms]
2024-09-18 17:47:26.353 [info] > git rev-parse --show-toplevel [4ms]
2024-09-18 17:47:26.371 [info] > git rev-parse --show-toplevel [3ms]
2024-09-18 17:47:26.379 [info] > git rev-parse --show-toplevel [2ms]
2024-09-18 17:47:30.525 [info] > git rev-parse --show-toplevel [3ms]
2024-09-18 17:47:30.572 [info] > git rev-parse --show-toplevel [2ms]
2024-09-18 17:47:30.582 [info] > git rev-parse --show-toplevel [3ms]
2024-09-18 17:47:36.131 [info] > git rev-parse --show-toplevel [4ms]
2024-09-18 17:47:36.152 [info] > git rev-parse --show-toplevel [2ms]
2024-09-18 17:47:36.162 [info] > git rev-parse --show-toplevel [1ms]
2024-09-18 17:47:57.257 [info] > git rev-parse --show-toplevel [1ms]
2024-09-18 17:47:57.317 [info] > git rev-parse --show-toplevel [2ms]
2024-09-18 17:47:57.325 [info] > git rev-parse --show-toplevel [1ms]
2024-09-18 17:51:39.567 [info] > git rev-parse --show-toplevel [2ms]
2024-09-18 17:51:39.582 [info] > git rev-parse --show-toplevel [2ms]
2024-09-18 17:51:39.591 [info] > git rev-parse --show-toplevel [2ms]
2024-09-18 17:53:48.265 [info] > git rev-parse --show-toplevel [3ms]
2024-09-18 17:53:48.291 [info] > git rev-parse --show-toplevel [2ms]
2024-09-18 17:53:48.299 [info] > git rev-parse --show-toplevel [2ms]
2024-09-18 18:03:20.656 [info] > git rev-parse --show-toplevel [2ms]
2024-09-18 18:03:20.708 [info] > git rev-parse --show-toplevel [2ms]
2024-09-18 18:03:20.715 [info] > git rev-parse --show-toplevel [2ms]
2024-09-18 18:03:28.490 [info] > git rev-parse --show-toplevel [2ms]
2024-09-18 18:03:28.514 [info] > git rev-parse --show-toplevel [2ms]
2024-09-18 18:03:28.523 [info] > git rev-parse --show-toplevel [2ms]
2024-09-18 18:03:34.447 [info] > git rev-parse --show-toplevel [2ms]
2024-09-18 18:03:34.459 [info] > git rev-parse --show-toplevel [1ms]
2024-09-18 18:03:34.466 [info] > git rev-parse --show-toplevel [1ms]
2024-09-18 18:03:59.073 [info] > git rev-parse --show-toplevel [1ms]
2024-09-18 18:03:59.111 [info] > git rev-parse --show-toplevel [2ms]
2024-09-18 18:03:59.119 [info] > git rev-parse --show-toplevel [1ms]
2024-09-18 18:04:28.005 [info] > git rev-parse --show-toplevel [1ms]
2024-09-18 18:04:28.059 [info] > git rev-parse --show-toplevel [6ms]
2024-09-18 18:04:28.068 [info] > git rev-parse --show-toplevel [1ms]
2024-09-18 18:04:38.682 [info] > git rev-parse --show-toplevel [7ms]
2024-09-18 18:04:38.746 [info] > git rev-parse --show-toplevel [3ms]
2024-09-18 18:04:38.754 [info] > git rev-parse --show-toplevel [2ms]
2024-09-18 18:06:43.319 [info] > git rev-parse --show-toplevel [1ms]
2024-09-18 18:06:43.346 [info] > git rev-parse --show-toplevel [3ms]
2024-09-18 18:06:43.353 [info] > git rev-parse --show-toplevel [1ms]
2024-09-18 18:08:41.721 [info] > git rev-parse --show-toplevel [2ms]
2024-09-18 18:08:41.734 [info] > git rev-parse --show-toplevel [2ms]
2024-09-18 18:08:41.743 [info] > git rev-parse --show-toplevel [2ms]
2024-09-18 18:20:10.609 [info] > git rev-parse --show-toplevel [3ms]
2024-09-18 18:20:10.638 [info] > git rev-parse --show-toplevel [2ms]
2024-09-18 18:20:10.649 [info] > git rev-parse --show-toplevel [2ms]
2024-09-18 18:27:31.284 [info] > git rev-parse --show-toplevel [7ms]
2024-09-18 18:27:31.324 [info] > git rev-parse --show-toplevel [2ms]
2024-09-18 18:27:31.332 [info] > git rev-parse --show-toplevel [2ms]
2024-09-18 18:29:46.312 [info] > git rev-parse --show-toplevel [2ms]
2024-09-18 18:31:06.297 [info] > git rev-parse --show-toplevel [4ms]
2024-09-18 18:31:06.306 [info] > git rev-parse --show-toplevel [1ms]
2024-09-18 18:31:06.306 [info] fatal: not a git repository (or any of the parent directories): .git
2024-09-18 18:31:25.555 [info] > git rev-parse --show-toplevel [1ms]
2024-09-18 18:31:39.902 [info] > git rev-parse --show-toplevel [2ms]
2024-09-18 18:31:39.912 [info] > git rev-parse --show-toplevel [3ms]
2024-09-18 18:31:39.912 [info] fatal: not a git repository (or any of the parent directories): .git
2024-09-18 18:32:34.399 [info] > git rev-parse --show-toplevel [2ms]
2024-09-18 18:32:36.791 [info] > git rev-parse --show-toplevel [1ms]
2024-09-18 18:32:36.800 [info] > git rev-parse --show-toplevel [2ms]
2024-09-18 18:32:51.806 [info] [main] Log level: Info
2024-09-18 18:32:51.806 [info] [main] Validating found git in: "git"
2024-09-18 18:32:51.806 [info] [main] Using git "2.46.1" from "git"
2024-09-18 18:32:51.806 [info] [Model][doInitialScan] Initial repository scan started
2024-09-18 18:32:51.806 [info] > git rev-parse --show-toplevel [8ms]
2024-09-18 18:32:51.861 [info] > git rev-parse --show-toplevel [13ms]
2024-09-18 18:32:51.873 [info] > git rev-parse --show-toplevel [4ms]
2024-09-18 18:32:51.884 [info] > git rev-parse --show-toplevel [3ms]
2024-09-18 18:32:51.893 [info] > git rev-parse --show-toplevel [2ms]
2024-09-18 18:32:51.901 [info] > git rev-parse --show-toplevel [2ms]
2024-09-18 18:32:51.909 [info] > git rev-parse --show-toplevel [2ms]
2024-09-18 18:32:51.912 [info] [Model][doInitialScan] Initial repository scan completed - repositories (0), closed repositories (0), parent repositories (1), unsafe repositories (0)
2024-09-18 18:33:09.547 [info] > git rev-parse --show-toplevel [2ms]
2024-09-18 18:33:09.586 [info] > git rev-parse --show-toplevel [2ms]
2024-09-18 18:33:09.594 [info] > git rev-parse --show-toplevel [2ms]
2024-09-18 18:33:35.057 [info] > git rev-parse --show-toplevel [2ms]
2024-09-18 18:33:35.090 [info] > git rev-parse --show-toplevel [3ms]
2024-09-18 18:33:35.099 [info] > git rev-parse --show-toplevel [2ms]
2024-09-18 19:40:45.906 [info] > git rev-parse --show-toplevel [2ms]
2024-09-18 19:40:45.944 [info] > git rev-parse --show-toplevel [2ms]
2024-09-18 19:40:45.953 [info] > git rev-parse --show-toplevel [2ms]
2024-09-18 19:40:50.162 [info] > git rev-parse --show-toplevel [2ms]
2024-09-18 19:40:50.196 [info] > git rev-parse --show-toplevel [3ms]
2024-09-18 19:40:50.204 [info] > git rev-parse --show-toplevel [2ms]
2024-09-19 13:38:09.379 [info] > git rev-parse --show-toplevel [2ms]
2024-09-19 13:38:09.392 [info] > git rev-parse --show-toplevel [2ms]
2024-09-19 13:38:09.402 [info] > git rev-parse --show-toplevel [1ms]
2024-09-19 13:38:12.168 [info] > git rev-parse --show-toplevel [2ms]
2024-09-19 13:38:12.189 [info] > git rev-parse --show-toplevel [4ms]
2024-09-19 13:38:12.199 [info] > git rev-parse --show-toplevel [2ms]
2024-09-19 13:38:17.025 [info] > git rev-parse --show-toplevel [2ms]
2024-09-19 13:38:17.078 [info] > git rev-parse --show-toplevel [3ms]
2024-09-19 13:38:17.086 [info] > git rev-parse --show-toplevel [2ms]
2024-09-19 14:16:14.792 [info] > git rev-parse --show-toplevel [1ms]
2024-09-19 14:16:14.803 [info] > git rev-parse --show-toplevel [3ms]
2024-09-19 14:16:14.813 [info] > git rev-parse --show-toplevel [2ms]
2024-09-19 14:16:47.009 [info] > git rev-parse --show-toplevel [3ms]
2024-09-19 14:16:47.049 [info] > git rev-parse --show-toplevel [2ms]
2024-09-19 14:16:47.058 [info] > git rev-parse --show-toplevel [2ms]
2024-09-19 14:17:00.538 [info] > git rev-parse --show-toplevel [2ms]
2024-09-19 14:17:00.555 [info] > git rev-parse --show-toplevel [2ms]
2024-09-19 14:17:00.563 [info] > git rev-parse --show-toplevel [2ms]
2024-09-19 14:17:33.328 [info] > git rev-parse --show-toplevel [2ms]
2024-09-19 14:17:33.348 [info] > git rev-parse --show-toplevel [2ms]
2024-09-19 14:17:33.358 [info] > git rev-parse --show-toplevel [2ms]
2024-09-19 14:19:41.797 [info] > git rev-parse --show-toplevel [3ms]
2024-09-19 14:19:41.811 [info] > git rev-parse --show-toplevel [3ms]
2024-09-19 14:19:41.820 [info] > git rev-parse --show-toplevel [2ms]
2024-09-19 14:19:59.851 [info] > git rev-parse --show-toplevel [2ms]
2024-09-19 14:19:59.869 [info] > git rev-parse --show-toplevel [3ms]
2024-09-19 14:19:59.880 [info] > git rev-parse --show-toplevel [2ms]
2024-09-19 14:20:21.477 [info] > git rev-parse --show-toplevel [2ms]
2024-09-19 14:20:21.526 [info] > git rev-parse --show-toplevel [2ms]
2024-09-19 14:20:21.533 [info] > git rev-parse --show-toplevel [1ms]
2024-09-19 14:20:24.875 [info] > git rev-parse --show-toplevel [2ms]
2024-09-19 14:20:24.891 [info] > git rev-parse --show-toplevel [2ms]
2024-09-19 14:20:24.900 [info] > git rev-parse --show-toplevel [2ms]
2024-09-19 14:22:27.709 [info] > git rev-parse --show-toplevel [1ms]
2024-09-19 14:22:27.720 [info] > git rev-parse --show-toplevel [3ms]
2024-09-19 14:22:27.729 [info] > git rev-parse --show-toplevel [2ms]
2024-09-19 14:22:43.596 [info] > git rev-parse --show-toplevel [2ms]
2024-09-19 14:22:43.609 [info] > git rev-parse --show-toplevel [2ms]
2024-09-19 14:22:43.617 [info] > git rev-parse --show-toplevel [2ms]
2024-09-19 14:23:37.900 [info] > git rev-parse --show-toplevel [1ms]
2024-09-19 14:23:37.917 [info] > git rev-parse --show-toplevel [3ms]
2024-09-19 14:23:37.926 [info] > git rev-parse --show-toplevel [2ms]
2024-09-19 14:24:24.340 [info] > git rev-parse --show-toplevel [6ms]
2024-09-19 14:24:24.379 [info] > git rev-parse --show-toplevel [3ms]
2024-09-19 14:24:24.391 [info] > git rev-parse --show-toplevel [2ms]
2024-09-19 14:52:37.199 [info] > git rev-parse --show-toplevel [3ms]
2024-09-19 14:52:37.208 [info] > git rev-parse --show-toplevel [2ms]
2024-09-19 14:52:37.216 [info] > git rev-parse --show-toplevel [2ms]
2024-09-19 14:52:47.507 [info] > git rev-parse --show-toplevel [2ms]
2024-09-19 14:52:47.524 [info] > git rev-parse --show-toplevel [2ms]
2024-09-19 14:52:47.534 [info] > git rev-parse --show-toplevel [2ms]
2024-09-19 14:52:51.045 [info] > git rev-parse --show-toplevel [3ms]
2024-09-19 14:52:51.087 [info] > git rev-parse --show-toplevel [3ms]
2024-09-19 14:52:51.096 [info] > git rev-parse --show-toplevel [2ms]
2024-09-19 14:53:17.107 [info] > git rev-parse --show-toplevel [2ms]
2024-09-19 14:53:17.122 [info] > git rev-parse --show-toplevel [2ms]
2024-09-19 14:53:17.131 [info] > git rev-parse --show-toplevel [2ms]
2024-09-19 14:53:19.206 [info] > git rev-parse --show-toplevel [2ms]
2024-09-19 14:53:19.222 [info] > git rev-parse --show-toplevel [2ms]
2024-09-19 14:53:19.230 [info] > git rev-parse --show-toplevel [1ms]
2024-09-19 15:14:40.214 [info] > git rev-parse --show-toplevel [2ms]
2024-09-19 15:14:40.230 [info] > git rev-parse --show-toplevel [3ms]
2024-09-19 15:14:40.240 [info] > git rev-parse --show-toplevel [2ms]
2024-09-19 15:15:26.951 [info] > git rev-parse --show-toplevel [3ms]
2024-09-19 15:15:26.971 [info] > git rev-parse --show-toplevel [3ms]
2024-09-19 15:15:26.980 [info] > git rev-parse --show-toplevel [2ms]
2024-09-19 15:15:29.743 [info] > git rev-parse --show-toplevel [1ms]
2024-09-19 15:15:29.781 [info] > git rev-parse --show-toplevel [1ms]
2024-09-19 15:15:29.790 [info] > git rev-parse --show-toplevel [2ms]
2024-09-19 15:15:40.644 [info] > git rev-parse --show-toplevel [2ms]
2024-09-19 15:15:40.662 [info] > git rev-parse --show-toplevel [2ms]
2024-09-19 15:15:40.670 [info] > git rev-parse --show-toplevel [2ms]
2024-09-19 15:21:07.741 [info] > git rev-parse --show-toplevel [2ms]
2024-09-19 15:21:07.810 [info] > git rev-parse --show-toplevel [2ms]
2024-09-19 15:27:55.210 [info] > git rev-parse --show-toplevel [2ms]
2024-09-19 15:27:55.281 [info] > git rev-parse --show-toplevel [2ms]
2024-09-19 15:28:09.878 [info] > git rev-parse --show-toplevel [2ms]
2024-09-19 15:28:26.589 [info] > git rev-parse --show-toplevel [3ms]
2024-09-19 15:28:31.124 [info] > git rev-parse --show-toplevel [2ms]
2024-09-19 15:28:33.992 [info] > git rev-parse --show-toplevel [2ms]
2024-09-19 15:28:38.182 [info] > git rev-parse --show-toplevel [2ms]
2024-09-19 15:28:48.785 [info] > git rev-parse --show-toplevel [3ms]
2024-09-19 15:29:30.003 [info] > git rev-parse --show-toplevel [4ms]
2024-09-19 15:29:57.719 [info] > git rev-parse --show-toplevel [2ms]
2024-09-19 15:30:02.865 [info] > git rev-parse --show-toplevel [3ms]
2024-09-19 15:30:16.371 [info] > git rev-parse --show-toplevel [2ms]
2024-09-19 15:30:50.732 [info] > git rev-parse --show-toplevel [2ms]
2024-09-19 15:31:01.735 [info] > git rev-parse --show-toplevel [3ms]
2024-09-19 15:31:08.399 [info] > git rev-parse --show-toplevel [2ms]
2024-09-19 15:31:23.212 [info] > git rev-parse --show-toplevel [2ms]
2024-09-19 15:31:29.945 [info] > git rev-parse --show-toplevel [2ms]
2024-09-19 15:31:51.285 [info] > git rev-parse --show-toplevel [3ms]
2024-09-19 15:34:36.343 [info] > git rev-parse --show-toplevel [2ms]
2024-09-19 15:37:26.967 [info] > git rev-parse --show-toplevel [2ms]
2024-09-19 15:37:54.385 [info] > git rev-parse --show-toplevel [1ms]
2024-09-19 15:39:21.452 [info] > git rev-parse --show-toplevel [3ms]
2024-09-19 15:39:26.463 [info] > git rev-parse --show-toplevel [3ms]
2024-09-19 15:40:36.172 [info] > git rev-parse --show-toplevel [2ms]
2024-09-19 15:40:43.190 [info] > git rev-parse --show-toplevel [3ms]
2024-09-19 15:40:49.283 [info] > git rev-parse --show-toplevel [2ms]
2024-09-19 15:41:02.099 [info] > git rev-parse --show-toplevel [2ms]
2024-09-19 15:42:03.415 [info] > git rev-parse --show-toplevel [3ms]
2024-09-19 15:42:16.307 [info] > git rev-parse --show-toplevel [2ms]
2024-09-19 15:42:39.815 [info] > git rev-parse --show-toplevel [2ms]
2024-09-19 15:43:05.155 [info] > git rev-parse --show-toplevel [3ms]
2024-09-19 15:43:14.179 [info] > git rev-parse --show-toplevel [3ms]
2024-09-19 15:43:15.839 [info] > git rev-parse --show-toplevel [2ms]
2024-09-19 15:43:21.206 [info] > git rev-parse --show-toplevel [1ms]
2024-09-19 15:43:25.069 [info] > git rev-parse --show-toplevel [3ms]
2024-09-19 15:43:45.579 [info] > git rev-parse --show-toplevel [1ms]
2024-09-19 15:43:55.048 [info] > git rev-parse --show-toplevel [3ms]
2024-09-19 15:44:16.338 [info] > git rev-parse --show-toplevel [1ms]
2024-09-19 15:44:32.438 [info] > git rev-parse --show-toplevel [2ms]
2024-09-19 15:44:42.329 [info] > git rev-parse --show-toplevel [2ms]
2024-09-19 15:45:32.935 [info] > git rev-parse --show-toplevel [2ms]
2024-09-19 15:53:11.119 [info] > git rev-parse --show-toplevel [2ms]
2024-09-19 15:53:31.830 [info] > git rev-parse --show-toplevel [3ms]
2024-09-19 15:53:40.235 [info] > git rev-parse --show-toplevel [2ms]
2024-09-19 15:53:41.726 [info] > git rev-parse --show-toplevel [2ms]
2024-09-19 15:53:52.434 [info] > git rev-parse --show-toplevel [2ms]
2024-09-19 15:53:53.241 [info] > git rev-parse --show-toplevel [3ms]
2024-09-19 15:53:54.810 [info] > git rev-parse --show-toplevel [2ms]
2024-09-19 15:54:02.516 [info] > git rev-parse --show-toplevel [2ms]
