2024-09-18 16:48:00.602 [info] Starting Python Locator /root/.vscode/extensions/ms-python.python-2024.14.1-linux-x64/python-env-tools/bin/pet server
2024-09-18 16:48:00.602 [info] Discovered env: /bin/python3
2024-09-18 16:48:00.602 [info] Discovered env: /usr/bin/python3
2024-09-18 16:48:00.605 [info] Locator Conda took 76.871118ms
2024-09-18 16:48:00.605 [info] Locator Homebrew took 367.504µs
2024-09-18 16:48:00.605 [info] Locator LinuxGlobal took 56.259227ms
2024-09-18 16:48:00.605 [info] Locator PipEnv took 130.784µs
2024-09-18 16:48:00.605 [info] Locator Poetry took 807.99µs
2024-09-18 16:48:00.605 [info] Locator PyEnv took 2.271258ms
2024-09-18 16:48:00.605 [info] Locator Venv took 81.457µs
2024-09-18 16:48:00.605 [info] Locator VirtualEnv took 131.027µs
2024-09-18 16:48:00.605 [info] Locator VirtualEnvWrapper took 103.83µs
2024-09-18 16:48:00.605 [info] Locator GlobalVirtualEnvs took 836.278µs
2024-09-18 16:48:00.605 [info] Locator Locators took 77.104153ms
2024-09-18 16:48:00.605 [info] Locator Path took 104.04852ms
2024-09-18 16:48:00.605 [info] Locator Workspaces took 3.39748ms
2024-09-18 16:48:00.606 [info] Refresh completed in 104ms
2024-09-18 18:32:51.211 [info] Starting Python Locator /root/.vscode/extensions/ms-python.python-2024.14.1-linux-x64/python-env-tools/bin/pet server
2024-09-18 18:32:51.230 [info] Discovered env: /bin/python3
2024-09-18 18:32:51.231 [info] Discovered env: /usr/bin/python3
2024-09-18 18:32:51.233 [info] Locator Conda took 62.864268ms
2024-09-18 18:32:51.234 [info] Locator Homebrew took 184.985µs
2024-09-18 18:32:51.234 [info] Locator LinuxGlobal took 74.503022ms
2024-09-18 18:32:51.234 [info] Locator PipEnv took 60.097µs
2024-09-18 18:32:51.234 [info] Locator Poetry took 774.79µs
2024-09-18 18:32:51.234 [info] Locator PyEnv took 744.133µs
2024-09-18 18:32:51.234 [info] Locator Venv took 64.457µs
2024-09-18 18:32:51.234 [info] Locator VirtualEnv took 75.038µs
2024-09-18 18:32:51.234 [info] Locator VirtualEnvWrapper took 309.402µs
2024-09-18 18:32:51.234 [info] Locator GlobalVirtualEnvs took 789.924µs
2024-09-18 18:32:51.234 [info] Locator Locators took 79.286138ms
2024-09-18 18:32:51.234 [info] Locator Path took 126.797653ms
2024-09-18 18:32:51.234 [info] Locator Workspaces took 8.150931ms
2024-09-18 18:32:51.234 [info] Refresh completed in 127ms
