2024-09-13 14:31:01.422 [info] Added views:workbench.panel.markers.view in workbench.panel.markers
2024-09-13 14:31:01.422 [info] Added views:workbench.panel.output in workbench.panel.output
2024-09-13 14:31:01.422 [info] Added views:terminal in terminal
2024-09-13 14:31:01.422 [info] Added views:outline in workbench.view.explorer
2024-09-13 14:31:01.422 [info] Added views:workbench.scm in workbench.view.scm
2024-09-13 14:31:01.422 [info] Added views:workbench.view.search in workbench.view.search
2024-09-13 14:31:01.422 [info] Added views:timeline in workbench.view.explorer
2024-09-13 14:31:01.422 [info] Added views:workbench.explorer.fileView in workbench.view.explorer
2024-09-13 14:31:01.810 [info] Added views:workbench.debug.variablesView,workbench.debug.watchExpressionsView,workbench.debug.callStackView,workbench.debug.breakPointsView in workbench.view.debug
2024-09-13 14:31:02.117 [info] Added views:workbench.panel.repl.view in workbench.panel.repl
2024-09-13 14:31:02.118 [info] Removed views:workbench.debug.breakPointsView,workbench.debug.callStackView,workbench.debug.watchExpressionsView,workbench.debug.variablesView from workbench.view.debug
2024-09-13 14:31:02.119 [info] Added views:workbench.debug.welcome in workbench.view.debug
2024-09-13 14:31:02.304 [info] Added views:~remote.forwardedPorts in ~remote.forwardedPortsContainer
2024-09-13 14:31:03.495 [info] Added views:workbench.view.testing in workbench.view.extension.test
2024-09-13 14:31:16.615 [info] Added views:github.cweijan.mysql in workbench.view.extension.github-cweijan-mysql
2024-09-13 14:31:16.616 [info] Added views:github.cweijan.nosql in workbench.view.extension.github-cweijan-nosql
2024-09-13 14:31:16.617 [info] Added views:postman-for-vscode.sidebar-panel in workbench.view.extension.sidebar-panel
2024-09-13 14:31:16.618 [info] Added views:postman-console-view in workbench.view.extension.postman-console-view-container
2024-09-13 14:31:16.656 [info] Removed views:workbench.view.testing from workbench.view.extension.test
2024-09-13 14:31:16.749 [info] Added views:workbench.view.testing in workbench.view.extension.test
2024-09-13 14:52:08.647 [info] Added views:workbench.views.extensions.installed,workbench.views.extensions.popular,extensions.recommendedList in workbench.view.extensions
2024-09-13 14:52:08.660 [info] Removed views:workbench.views.extensions.popular from workbench.view.extensions
2024-09-13 14:52:13.957 [info] Removed views:extensions.recommendedList,workbench.views.extensions.installed from workbench.view.extensions
2024-09-13 14:52:13.966 [info] Added views:workbench.views.extensions.marketplace in workbench.view.extensions
2024-09-14 00:40:59.727 [info] Removed views:workbench.view.testing from workbench.view.extension.test
