2024-09-21 13:11:31.189 [info] [main] Log level: Info
2024-09-21 13:11:31.189 [info] [main] Validating found git in: "git"
2024-09-21 13:11:31.189 [info] [main] Using git "2.46.1" from "git"
2024-09-21 13:11:31.189 [info] [Model][doInitialScan] Initial repository scan started
2024-09-21 13:11:31.189 [info] > git rev-parse --show-toplevel [7ms]
2024-09-21 13:11:31.762 [info] > git rev-parse --show-toplevel [562ms]
2024-09-21 13:11:31.890 [info] > git rev-parse --show-toplevel [20ms]
2024-09-21 13:11:32.158 [info] > git rev-parse --show-toplevel [254ms]
2024-09-21 13:11:32.186 [info] > git rev-parse --show-toplevel [2ms]
2024-09-21 13:11:32.195 [info] > git rev-parse --show-toplevel [3ms]
2024-09-21 13:11:32.223 [info] > git rev-parse --show-toplevel [2ms]
2024-09-21 13:11:32.225 [info] [Model][doInitialScan] Initial repository scan completed - repositories (0), closed repositories (0), parent repositories (1), unsafe repositories (0)
2024-09-21 13:11:32.232 [info] > git rev-parse --show-toplevel [2ms]
2024-09-21 13:11:52.478 [info] > git rev-parse --show-toplevel [2ms]
2024-09-21 13:12:25.254 [info] > git rev-parse --show-toplevel [3ms]
2024-09-21 13:12:32.932 [info] > git rev-parse --show-toplevel [3ms]
2024-09-21 13:13:05.049 [info] > git rev-parse --show-toplevel [2ms]
2024-09-21 13:13:26.118 [info] > git rev-parse --show-toplevel [2ms]
2024-09-21 13:13:28.079 [info] > git rev-parse --show-toplevel [2ms]
2024-09-21 13:13:50.380 [info] > git rev-parse --show-toplevel [4ms]
2024-09-21 13:14:21.726 [info] > git rev-parse --show-toplevel [3ms]
2024-09-21 13:14:24.646 [info] > git rev-parse --show-toplevel [3ms]
2024-09-21 13:14:49.274 [info] > git rev-parse --show-toplevel [2ms]
2024-09-21 13:15:09.920 [info] > git rev-parse --show-toplevel [3ms]
2024-09-21 13:15:28.753 [info] > git rev-parse --show-toplevel [2ms]
2024-09-21 13:15:47.081 [info] > git rev-parse --show-toplevel [2ms]
2024-09-21 13:16:04.877 [info] > git rev-parse --show-toplevel [2ms]
2024-09-21 13:16:25.391 [info] > git rev-parse --show-toplevel [2ms]
2024-09-21 13:16:46.595 [info] > git rev-parse --show-toplevel [2ms]
2024-09-21 13:16:59.523 [info] > git rev-parse --show-toplevel [2ms]
2024-09-21 13:17:15.370 [info] > git rev-parse --show-toplevel [2ms]
2024-09-21 13:17:24.863 [info] > git rev-parse --show-toplevel [2ms]
2024-09-21 13:17:26.397 [info] > git rev-parse --show-toplevel [3ms]
2024-09-21 13:17:27.056 [info] > git rev-parse --show-toplevel [3ms]
2024-09-21 13:17:28.708 [info] > git rev-parse --show-toplevel [3ms]
2024-09-21 13:17:29.987 [info] > git rev-parse --show-toplevel [2ms]
2024-09-21 13:17:31.010 [info] > git rev-parse --show-toplevel [2ms]
2024-09-21 13:17:31.971 [info] > git rev-parse --show-toplevel [2ms]
2024-09-21 13:17:33.081 [info] > git rev-parse --show-toplevel [3ms]
2024-09-21 13:17:34.719 [info] > git rev-parse --show-toplevel [3ms]
2024-09-21 13:17:37.422 [info] > git rev-parse --show-toplevel [3ms]
2024-09-21 13:17:51.365 [info] > git rev-parse --show-toplevel [3ms]
2024-09-21 13:18:30.463 [info] > git rev-parse --show-toplevel [2ms]
2024-09-21 13:18:32.216 [info] > git rev-parse --show-toplevel [2ms]
2024-09-21 13:18:51.952 [info] > git rev-parse --show-toplevel [3ms]
2024-09-21 13:18:57.859 [info] > git rev-parse --show-toplevel [3ms]
2024-09-21 13:19:13.573 [info] > git rev-parse --show-toplevel [2ms]
2024-09-21 13:22:50.757 [info] > git rev-parse --show-toplevel [3ms]
2024-09-21 13:24:32.114 [info] > git rev-parse --show-toplevel [3ms]
2024-09-21 13:25:10.864 [info] > git rev-parse --show-toplevel [2ms]
2024-09-21 13:25:25.150 [info] > git rev-parse --show-toplevel [2ms]
2024-09-21 13:25:31.895 [info] > git rev-parse --show-toplevel [2ms]
2024-09-21 13:25:40.154 [info] > git rev-parse --show-toplevel [2ms]
2024-09-21 13:25:44.000 [info] > git rev-parse --show-toplevel [2ms]
2024-09-21 13:25:45.710 [info] > git rev-parse --show-toplevel [3ms]
2024-09-21 13:25:47.243 [info] > git rev-parse --show-toplevel [2ms]
2024-09-21 13:25:49.341 [info] > git rev-parse --show-toplevel [2ms]
2024-09-21 13:25:55.912 [info] > git rev-parse --show-toplevel [2ms]
2024-09-21 13:26:00.923 [info] > git rev-parse --show-toplevel [3ms]
2024-09-21 13:26:05.276 [info] > git rev-parse --show-toplevel [2ms]
2024-09-21 13:26:09.404 [info] > git rev-parse --show-toplevel [2ms]
2024-09-21 13:26:15.519 [info] > git rev-parse --show-toplevel [2ms]
2024-09-21 13:26:20.345 [info] > git rev-parse --show-toplevel [2ms]
2024-09-21 13:26:26.625 [info] > git rev-parse --show-toplevel [2ms]
2024-09-21 13:26:36.321 [info] > git rev-parse --show-toplevel [3ms]
2024-09-21 13:26:40.736 [info] > git rev-parse --show-toplevel [3ms]
2024-09-21 13:26:52.264 [info] > git rev-parse --show-toplevel [2ms]
2024-09-21 13:26:57.688 [info] > git rev-parse --show-toplevel [2ms]
2024-09-21 13:27:27.254 [info] > git rev-parse --show-toplevel [2ms]
2024-09-21 13:31:19.012 [info] > git rev-parse --show-toplevel [3ms]
2024-09-21 13:31:48.854 [info] > git rev-parse --show-toplevel [3ms]
2024-09-21 13:32:47.614 [info] > git rev-parse --show-toplevel [3ms]
2024-09-21 13:33:35.974 [info] > git rev-parse --show-toplevel [3ms]
2024-09-21 13:33:43.992 [info] > git rev-parse --show-toplevel [3ms]
2024-09-21 13:36:57.205 [info] > git rev-parse --show-toplevel [2ms]
2024-09-21 13:37:19.858 [info] > git rev-parse --show-toplevel [3ms]
2024-09-21 13:37:30.424 [info] > git rev-parse --show-toplevel [3ms]
2024-09-21 14:15:15.136 [info] > git rev-parse --show-toplevel [2ms]
2024-09-21 14:22:01.901 [info] > git rev-parse --show-toplevel [2ms]
2024-09-21 14:22:07.645 [info] > git rev-parse --show-toplevel [2ms]
2024-09-21 14:22:30.326 [info] > git rev-parse --show-toplevel [3ms]
2024-09-21 14:25:08.347 [info] > git rev-parse --show-toplevel [3ms]
2024-09-21 14:25:15.925 [info] > git rev-parse --show-toplevel [3ms]
2024-09-21 14:25:41.320 [info] > git rev-parse --show-toplevel [2ms]
2024-09-21 14:26:08.688 [info] > git rev-parse --show-toplevel [3ms]
2024-09-21 14:26:15.521 [info] > git rev-parse --show-toplevel [2ms]
2024-09-21 14:27:04.286 [info] > git rev-parse --show-toplevel [4ms]
2024-09-21 14:30:35.987 [info] > git rev-parse --show-toplevel [1ms]
2024-09-21 14:31:50.011 [info] > git rev-parse --show-toplevel [3ms]
2024-09-21 14:32:02.472 [info] > git rev-parse --show-toplevel [3ms]
2024-09-21 14:32:06.069 [info] > git rev-parse --show-toplevel [3ms]
2024-09-21 14:33:08.365 [info] > git rev-parse --show-toplevel [3ms]
2024-09-21 14:35:53.761 [info] > git rev-parse --show-toplevel [3ms]
2024-09-21 20:00:02.407 [info] > git rev-parse --show-toplevel [2ms]
2024-09-21 20:03:56.128 [info] > git rev-parse --show-toplevel [3ms]
2024-09-21 20:05:12.682 [info] > git rev-parse --show-toplevel [2ms]
2024-09-21 20:06:11.161 [info] > git rev-parse --show-toplevel [4ms]
2024-09-21 20:06:51.865 [info] > git rev-parse --show-toplevel [3ms]
2024-09-21 20:07:11.707 [info] > git rev-parse --show-toplevel [2ms]
2024-09-21 20:07:37.198 [info] > git rev-parse --show-toplevel [2ms]
2024-09-21 20:08:27.346 [info] > git rev-parse --show-toplevel [1ms]
2024-09-22 12:05:50.216 [info] > git rev-parse --show-toplevel [3ms]
2024-09-22 12:32:35.922 [info] > git rev-parse --show-toplevel [2ms]
2024-09-22 12:34:40.932 [info] > git rev-parse --show-toplevel [3ms]
2024-09-22 12:35:20.203 [info] > git rev-parse --show-toplevel [2ms]
2024-09-22 12:36:21.257 [info] > git rev-parse --show-toplevel [3ms]
2024-09-22 12:36:44.365 [info] > git rev-parse --show-toplevel [2ms]
2024-09-22 12:37:09.926 [info] > git rev-parse --show-toplevel [3ms]
2024-09-22 12:37:28.449 [info] > git rev-parse --show-toplevel [2ms]
2024-09-22 12:37:47.536 [info] > git rev-parse --show-toplevel [3ms]
2024-09-22 12:38:11.333 [info] > git rev-parse --show-toplevel [2ms]
2024-09-22 12:38:21.172 [info] > git rev-parse --show-toplevel [1ms]
2024-09-22 12:38:24.269 [info] > git rev-parse --show-toplevel [3ms]
2024-09-22 12:39:01.518 [info] > git rev-parse --show-toplevel [2ms]
2024-09-22 12:47:35.362 [info] > git rev-parse --show-toplevel [4ms]
2024-09-22 12:47:35.362 [info] fatal: not a git repository (or any of the parent directories): .git
2024-09-22 12:51:02.966 [info] > git rev-parse --show-toplevel [1ms]
2024-09-22 12:51:04.452 [info] > git rev-parse --show-toplevel [3ms]
2024-09-22 12:51:05.406 [info] > git rev-parse --show-toplevel [3ms]
2024-09-22 12:51:07.133 [info] > git rev-parse --show-toplevel [3ms]
2024-09-22 12:51:09.201 [info] > git rev-parse --show-toplevel [2ms]
2024-09-22 12:51:10.299 [info] > git rev-parse --show-toplevel [3ms]
2024-09-22 12:51:15.681 [info] > git rev-parse --show-toplevel [2ms]
2024-09-22 12:51:16.881 [info] > git rev-parse --show-toplevel [3ms]
2024-09-22 12:51:31.064 [info] > git rev-parse --show-toplevel [2ms]
2024-09-22 12:51:32.007 [info] > git rev-parse --show-toplevel [2ms]
2024-09-22 12:51:39.623 [info] > git rev-parse --show-toplevel [2ms]
2024-09-22 12:51:40.673 [info] > git rev-parse --show-toplevel [2ms]
2024-09-22 12:51:44.613 [info] > git rev-parse --show-toplevel [2ms]
2024-09-22 12:51:46.561 [info] > git rev-parse --show-toplevel [2ms]
2024-09-22 12:51:47.335 [info] > git rev-parse --show-toplevel [1ms]
2024-09-22 12:51:48.187 [info] > git rev-parse --show-toplevel [2ms]
2024-09-22 12:51:48.980 [info] > git rev-parse --show-toplevel [2ms]
2024-09-22 12:51:51.499 [info] > git rev-parse --show-toplevel [2ms]
2024-09-22 12:51:52.323 [info] > git rev-parse --show-toplevel [2ms]
2024-09-22 12:52:05.996 [info] > git rev-parse --show-toplevel [2ms]
