2024-09-18 16:48:02.168 [info] Configuration changed
2024-09-18 16:56:15.215 [info] Active editor: file:///home/zoro/Desktop/PROGRAMMING/MY-PROJECTS/EduAccess/school/admin.py
2024-09-18 17:04:45.039 [info] Active editor: file:///home/zoro/Desktop/PROGRAMMING/MY-PROJECTS/EduAccess/school/urls.py
2024-09-18 17:04:59.649 [info] Active editor: file:///home/zoro/Desktop/PROGRAMMING/MY-PROJECTS/EduAccess/EduAccess/templates/base.html
2024-09-18 17:09:57.617 [info] Active editor: file:///home/zoro/Desktop/PROGRAMMING/MY-PROJECTS/EduAccess/school/models.py
2024-09-18 17:10:04.744 [info] Active editor: file:///home/zoro/Desktop/PROGRAMMING/MY-PROJECTS/EduAccess/school/models.py
2024-09-18 17:10:09.100 [info] Active editor: file:///home/zoro/Desktop/PROGRAMMING/MY-PROJECTS/EduAccess/school/models.py
2024-09-18 17:10:28.907 [info] Active editor: file:///home/zoro/Desktop/PROGRAMMING/MY-PROJECTS/EduAccess/school/templates/school/staff_view.html
2024-09-18 17:12:05.014 [info] Active editor: file:///home/zoro/Desktop/PROGRAMMING/MY-PROJECTS/EduAccess/school/templates/school/students_view.html
2024-09-18 17:12:29.246 [info] Active editor: file:///home/zoro/Desktop/PROGRAMMING/MY-PROJECTS/EduAccess/school/templates/school/classes_view.html
2024-09-18 17:12:54.354 [info] Active editor: file:///home/zoro/Desktop/PROGRAMMING/MY-PROJECTS/EduAccess/school/models.py
2024-09-18 17:14:14.308 [info] Active editor: file:///home/zoro/Desktop/PROGRAMMING/MY-PROJECTS/EduAccess/school/templates/school/grade_view.html
2024-09-18 17:14:19.749 [info] /home/zoro/Desktop/PROGRAMMING/MY-PROJECTS/EduAccess/school/templates/school/grade_view.html closed
2024-09-18 17:14:19.753 [info] Active editor: file:///home/zoro/Desktop/PROGRAMMING/MY-PROJECTS/EduAccess/school/models.py
2024-09-18 17:14:20.614 [info] Active editor: file:///home/zoro/Desktop/PROGRAMMING/MY-PROJECTS/EduAccess/school/templates/school/classes_view.html
2024-09-18 17:14:33.748 [info] Active editor: file:///home/zoro/Desktop/PROGRAMMING/MY-PROJECTS/EduAccess/school/templates/school/subjects_view.html
2024-09-18 17:14:59.514 [info] Active editor: file:///home/zoro/Desktop/PROGRAMMING/MY-PROJECTS/EduAccess/school/templates/school/parents_view.html
2024-09-18 17:15:19.121 [info] Active editor: file:///home/zoro/Desktop/PROGRAMMING/MY-PROJECTS/EduAccess/school/templates/school/position_view.html
2024-09-18 17:15:44.629 [info] Active editor: file:///home/zoro/Desktop/PROGRAMMING/MY-PROJECTS/EduAccess/school/views.py
2024-09-18 17:16:56.368 [info] Active editor: file:///home/zoro/Desktop/PROGRAMMING/MY-PROJECTS/EduAccess/school/models.py
2024-09-18 17:18:35.845 [info] Active editor: file:///home/zoro/Desktop/PROGRAMMING/MY-PROJECTS/EduAccess/school/templates/school/position_view.html
2024-09-18 17:18:43.408 [info] /home/zoro/Desktop/PROGRAMMING/MY-PROJECTS/EduAccess/school/templates/school/position_view.html closed
2024-09-18 17:18:43.483 [info] Active editor: file:///home/zoro/Desktop/PROGRAMMING/MY-PROJECTS/EduAccess/school/templates/school/role_view.html
2024-09-18 17:18:50.951 [info] Active editor: file:///home/zoro/Desktop/PROGRAMMING/MY-PROJECTS/EduAccess/school/admin.py
2024-09-18 17:19:03.388 [info] Active editor: file:///home/zoro/Desktop/PROGRAMMING/MY-PROJECTS/EduAccess/school/models.py
2024-09-18 17:19:37.021 [info] Active editor: file:///home/zoro/Desktop/PROGRAMMING/MY-PROJECTS/EduAccess/school/views.py
2024-09-18 17:19:39.844 [info] Active editor: file:///home/zoro/Desktop/PROGRAMMING/MY-PROJECTS/EduAccess/school/models.py
2024-09-18 17:19:46.927 [info] Active editor: file:///home/zoro/Desktop/PROGRAMMING/MY-PROJECTS/EduAccess/school/templates/school/role_view.html
2024-09-18 17:19:52.660 [info] Active editor: file:///home/zoro/Desktop/PROGRAMMING/MY-PROJECTS/EduAccess/school/views.py
2024-09-18 17:19:52.711 [info] /home/zoro/Desktop/PROGRAMMING/MY-PROJECTS/EduAccess/school/templates/school/role_view.html closed
2024-09-18 17:19:52.814 [info] Active editor: file:///home/zoro/Desktop/PROGRAMMING/MY-PROJECTS/EduAccess/school/templates/school/roles_view.html
2024-09-18 17:19:55.732 [info] Active editor: file:///home/zoro/Desktop/PROGRAMMING/MY-PROJECTS/EduAccess/school/views.py
2024-09-18 17:20:06.177 [info] Active editor: file:///home/zoro/Desktop/PROGRAMMING/MY-PROJECTS/EduAccess/school/admin.py
2024-09-18 17:21:00.805 [info] Active editor: file:///home/zoro/Desktop/PROGRAMMING/MY-PROJECTS/EduAccess/school/views.py
2024-09-18 17:26:56.947 [info] Active editor: file:///home/zoro/Desktop/PROGRAMMING/MY-PROJECTS/EduAccess/school/templates/school/home_view.html
2024-09-18 17:26:58.777 [info] Active editor: file:///home/zoro/Desktop/PROGRAMMING/MY-PROJECTS/EduAccess/school/templates/school/parents_view.html
2024-09-18 17:27:03.574 [info] Active editor: file:///home/zoro/Desktop/PROGRAMMING/MY-PROJECTS/EduAccess/school/templates/school/home_view.html
2024-09-18 17:27:08.385 [info] Active editor: file:///home/zoro/Desktop/PROGRAMMING/MY-PROJECTS/EduAccess/school/views.py
2024-09-18 17:27:37.398 [info] Active editor: file:///home/zoro/Desktop/PROGRAMMING/MY-PROJECTS/EduAccess/EduAccess/templates/base.html
2024-09-18 17:28:14.101 [info] Active editor: file:///home/zoro/Desktop/PROGRAMMING/MY-PROJECTS/EduAccess/school/templates/school/home_view.html
2024-09-18 17:28:46.938 [info] Active editor: file:///home/zoro/Desktop/PROGRAMMING/MY-PROJECTS/EduAccess/EduAccess/templates/base.html
2024-09-18 17:30:00.329 [info] Active editor: file:///home/zoro/Desktop/PROGRAMMING/MY-PROJECTS/EduAccess/school/templates/school/home_view.html
2024-09-18 17:31:35.407 [info] Active editor: file:///home/zoro/Desktop/PROGRAMMING/MY-PROJECTS/EduAccess/school/urls.py
2024-09-18 17:31:38.308 [info] Active editor: file:///home/zoro/Desktop/PROGRAMMING/MY-PROJECTS/EduAccess/school/models.py
2024-09-18 17:31:39.737 [info] Active editor: file:///home/zoro/Desktop/PROGRAMMING/MY-PROJECTS/EduAccess/school/models.py
2024-09-18 17:31:41.913 [info] Active editor: file:///home/zoro/Desktop/PROGRAMMING/MY-PROJECTS/EduAccess/school/urls.py
2024-09-18 17:32:25.307 [info] /home/zoro/Desktop/PROGRAMMING/MY-PROJECTS/EduAccess/school/templates/school/staff_view.html closed
2024-09-18 17:32:25.899 [info] Active editor: file:///home/zoro/Desktop/PROGRAMMING/MY-PROJECTS/EduAccess/school/templates/school/roles_view.html
2024-09-18 17:32:27.390 [info] /home/zoro/Desktop/PROGRAMMING/MY-PROJECTS/EduAccess/school/templates/school/roles_view.html closed
2024-09-18 17:32:27.395 [info] Active editor: file:///home/zoro/Desktop/PROGRAMMING/MY-PROJECTS/EduAccess/school/templates/school/home_view.html
2024-09-18 17:32:29.369 [info] /home/zoro/Desktop/PROGRAMMING/MY-PROJECTS/EduAccess/school/templates/school/parents_view.html closed
2024-09-18 17:32:30.682 [info] /home/zoro/Desktop/PROGRAMMING/MY-PROJECTS/EduAccess/school/templates/school/subjects_view.html closed
2024-09-18 17:32:32.354 [info] /home/zoro/Desktop/PROGRAMMING/MY-PROJECTS/EduAccess/school/templates/school/classes_view.html closed
2024-09-18 17:32:34.764 [info] /home/zoro/Desktop/PROGRAMMING/MY-PROJECTS/EduAccess/school/templates/school/students_view.html closed
2024-09-18 17:32:37.172 [info] /home/zoro/Desktop/PROGRAMMING/MY-PROJECTS/EduAccess/EduAccess/templates/base.html closed
2024-09-18 17:32:38.646 [info] Active editor: file:///home/zoro/Desktop/PROGRAMMING/MY-PROJECTS/EduAccess/school/views.py
2024-09-18 17:32:44.047 [info] Active editor: file:///home/zoro/Desktop/PROGRAMMING/MY-PROJECTS/EduAccess/school/urls.py
2024-09-18 17:33:56.260 [info] Active editor: file:///home/zoro/Desktop/PROGRAMMING/MY-PROJECTS/EduAccess/school/views.py
2024-09-18 17:33:59.729 [info] Active editor: file:///home/zoro/Desktop/PROGRAMMING/MY-PROJECTS/EduAccess/school/urls.py
2024-09-18 17:34:04.705 [info] Active editor: file:///home/zoro/Desktop/PROGRAMMING/MY-PROJECTS/EduAccess/school/views.py
2024-09-18 17:34:07.964 [info] /home/zoro/Desktop/PROGRAMMING/MY-PROJECTS/EduAccess/school/admin.py closed
2024-09-18 17:34:09.641 [info] /home/zoro/Desktop/PROGRAMMING/MY-PROJECTS/EduAccess/school/templates/school/home_view.html closed
2024-09-18 17:34:26.159 [info] Active editor: file:///home/zoro/Desktop/PROGRAMMING/MY-PROJECTS/EduAccess/school/urls.py
2024-09-18 17:46:36.459 [info] Active editor: file:///home/zoro/Desktop/PROGRAMMING/MY-PROJECTS/EduAccess/EduAccess/urls.py
2024-09-18 17:47:26.357 [info] /home/zoro/Desktop/PROGRAMMING/MY-PROJECTS/EduAccess/EduAccess/urls.py closed
2024-09-18 17:47:26.362 [info] Active editor: file:///home/zoro/Desktop/PROGRAMMING/MY-PROJECTS/EduAccess/school/urls.py
2024-09-18 17:47:30.562 [info] Active editor: file:///home/zoro/Desktop/PROGRAMMING/MY-PROJECTS/EduAccess/EduAccess/urls.py
2024-09-18 17:47:36.138 [info] /home/zoro/Desktop/PROGRAMMING/MY-PROJECTS/EduAccess/EduAccess/urls.py closed
2024-09-18 17:47:36.144 [info] Active editor: file:///home/zoro/Desktop/PROGRAMMING/MY-PROJECTS/EduAccess/school/urls.py
2024-09-18 17:47:48.464 [info] Active editor: file:///home/zoro/Desktop/PROGRAMMING/MY-PROJECTS/EduAccess/school/views.py
2024-09-18 17:47:57.310 [info] Active editor: file:///home/zoro/Desktop/PROGRAMMING/MY-PROJECTS/EduAccess/EduAccess/templates/base.html
2024-09-18 17:51:39.573 [info] Active editor: file:///home/zoro/Desktop/PROGRAMMING/MY-PROJECTS/EduAccess/school/views.py
2024-09-18 17:53:48.283 [info] Active editor: file:///home/zoro/Desktop/PROGRAMMING/MY-PROJECTS/EduAccess/school/models.py
2024-09-18 17:53:51.053 [info] Active editor: file:///home/zoro/Desktop/PROGRAMMING/MY-PROJECTS/EduAccess/school/views.py
2024-09-18 17:54:51.510 [info] Active editor: file:///home/zoro/Desktop/PROGRAMMING/MY-PROJECTS/EduAccess/school/models.py
2024-09-18 17:59:05.622 [info] Active editor: file:///home/zoro/Desktop/PROGRAMMING/MY-PROJECTS/EduAccess/school/views.py
2024-09-18 18:03:20.688 [info] Active editor: file:///home/zoro/Desktop/PROGRAMMING/MY-PROJECTS/EduAccess/school/templates/school/login_view.html
2024-09-18 18:03:28.506 [info] Active editor: file:///home/zoro/Desktop/PROGRAMMING/MY-PROJECTS/EduAccess/school/templates/school/classes_view.html
2024-09-18 18:03:34.452 [info] Active editor: file:///home/zoro/Desktop/PROGRAMMING/MY-PROJECTS/EduAccess/school/templates/school/login_view.html
2024-09-18 18:03:59.102 [info] Active editor: file:///home/zoro/Desktop/PROGRAMMING/MY-PROJECTS/EduAccess/school/templates/logout_view.html
2024-09-18 18:04:28.037 [info] Active editor: file:///home/zoro/Desktop/PROGRAMMING/MY-PROJECTS/EduAccess/school/templates/school/register_view.html
2024-09-18 18:04:38.737 [info] Active editor: file:///home/zoro/Desktop/PROGRAMMING/MY-PROJECTS/EduAccess/school/urls.py
2024-09-18 18:06:43.337 [info] Active editor: file:///home/zoro/Desktop/PROGRAMMING/MY-PROJECTS/EduAccess/school/views.py
2024-09-18 18:08:41.726 [info] Active editor: file:///home/zoro/Desktop/PROGRAMMING/MY-PROJECTS/EduAccess/EduAccess/templates/base.html
2024-09-18 18:20:10.628 [info] Active editor: file:///home/zoro/Desktop/PROGRAMMING/MY-PROJECTS/EduAccess/school/models.py
2024-09-18 18:27:31.316 [info] Active editor: file:///home/zoro/Desktop/PROGRAMMING/MY-PROJECTS/EduAccess/EduAccess/settings.py
2024-09-18 18:31:06.279 [info] /home/zoro/Desktop/PROGRAMMING/MY-PROJECTS/EduAccess/school/templates/school/classes_view.html closed
2024-09-18 18:31:06.286 [info] Active editor: file:///root/.dbclient/storage/1726673417474%40%40127.0.0.1%403306/create-db-template.sql
2024-09-18 18:31:39.893 [info] Active editor: file:///root/.dbclient/storage/1726673417474%40%40127.0.0.1%403306/create-db-template.sql
2024-09-18 18:32:36.784 [info] Active editor: file:///home/zoro/Desktop/PROGRAMMING/MY-PROJECTS/EduAccess/EduAccess/templates/base.html
2024-09-18 18:33:09.575 [info] Active editor: file:///home/zoro/Desktop/PROGRAMMING/MY-PROJECTS/EduAccess/library/models.py
2024-09-18 18:33:35.080 [info] Active editor: file:///home/zoro/Desktop/PROGRAMMING/MY-PROJECTS/EduAccess/school/models.py
2024-09-18 18:33:36.156 [info] Active editor: file:///home/zoro/Desktop/PROGRAMMING/MY-PROJECTS/EduAccess/library/models.py
2024-09-18 19:17:58.404 [info] Active editor: file:///home/zoro/Desktop/PROGRAMMING/MY-PROJECTS/EduAccess/school/models.py
2024-09-18 19:40:45.936 [info] Active editor: file:///home/zoro/Desktop/PROGRAMMING/MY-PROJECTS/EduAccess/school/admin.py
2024-09-18 19:40:50.166 [info] /home/zoro/Desktop/PROGRAMMING/MY-PROJECTS/EduAccess/school/admin.py closed
2024-09-18 19:40:50.186 [info] Active editor: file:///home/zoro/Desktop/PROGRAMMING/MY-PROJECTS/EduAccess/library/admin.py
2024-09-19 13:38:09.383 [info] Active editor: file:///home/zoro/Desktop/PROGRAMMING/MY-PROJECTS/EduAccess/school/models.py
2024-09-19 13:38:12.176 [info] Active editor: file:///home/zoro/Desktop/PROGRAMMING/MY-PROJECTS/EduAccess/library/admin.py
2024-09-19 13:38:17.069 [info] Active editor: file:///home/zoro/Desktop/PROGRAMMING/MY-PROJECTS/EduAccess/school/models.py
2024-09-19 13:38:31.074 [info] Active editor: file:///home/zoro/Desktop/PROGRAMMING/MY-PROJECTS/EduAccess/library/models.py
2024-09-19 13:38:36.980 [info] Active editor: file:///home/zoro/Desktop/PROGRAMMING/MY-PROJECTS/EduAccess/school/models.py
2024-09-19 14:08:00.759 [info] Active editor: file:///home/zoro/Desktop/PROGRAMMING/MY-PROJECTS/EduAccess/library/models.py
2024-09-19 14:09:04.967 [info] Active editor: file:///home/zoro/Desktop/PROGRAMMING/MY-PROJECTS/EduAccess/school/models.py
2024-09-19 14:16:10.310 [info] Active editor: file:///home/zoro/Desktop/PROGRAMMING/MY-PROJECTS/EduAccess/library/models.py
2024-09-19 14:16:14.782 [info] Active editor: file:///home/zoro/Desktop/PROGRAMMING/MY-PROJECTS/EduAccess/EduAccess/settings.py
2024-09-19 14:16:47.041 [info] Active editor: file:///home/zoro/Desktop/PROGRAMMING/MY-PROJECTS/EduAccess/store/models.py
2024-09-19 14:17:00.545 [info] Active editor: file:///home/zoro/Desktop/PROGRAMMING/MY-PROJECTS/EduAccess/library/models.py
2024-09-19 14:17:33.339 [info] Active editor: file:///home/zoro/Desktop/PROGRAMMING/MY-PROJECTS/EduAccess/store/models.py
2024-09-19 14:19:41.799 [info] Active editor: file:///home/zoro/Desktop/PROGRAMMING/MY-PROJECTS/EduAccess/library/models.py
2024-09-19 14:19:59.859 [info] Active editor: file:///home/zoro/Desktop/PROGRAMMING/MY-PROJECTS/EduAccess/store/models.py
2024-09-19 14:20:21.518 [info] Active editor: file:///home/zoro/Desktop/PROGRAMMING/MY-PROJECTS/EduAccess/library/models.py
2024-09-19 14:20:24.882 [info] Active editor: file:///home/zoro/Desktop/PROGRAMMING/MY-PROJECTS/EduAccess/store/models.py
2024-09-19 14:22:27.710 [info] Active editor: file:///home/zoro/Desktop/PROGRAMMING/MY-PROJECTS/EduAccess/library/models.py
2024-09-19 14:22:43.602 [info] Active editor: file:///home/zoro/Desktop/PROGRAMMING/MY-PROJECTS/EduAccess/store/models.py
2024-09-19 14:23:37.907 [info] Active editor: file:///home/zoro/Desktop/PROGRAMMING/MY-PROJECTS/EduAccess/library/models.py
2024-09-19 14:24:24.358 [info] Active editor: file:///home/zoro/Desktop/PROGRAMMING/MY-PROJECTS/EduAccess/store/models.py
2024-09-19 14:52:37.198 [info] Active editor: file:///home/zoro/Desktop/PROGRAMMING/MY-PROJECTS/EduAccess/library/models.py
2024-09-19 14:52:47.515 [info] Active editor: file:///home/zoro/Desktop/PROGRAMMING/MY-PROJECTS/EduAccess/store/models.py
2024-09-19 14:52:51.076 [info] Active editor: file:///home/zoro/Desktop/PROGRAMMING/MY-PROJECTS/EduAccess/store/admin.py
2024-09-19 14:53:17.113 [info] Active editor: file:///home/zoro/Desktop/PROGRAMMING/MY-PROJECTS/EduAccess/store/models.py
2024-09-19 14:53:19.214 [info] Active editor: file:///home/zoro/Desktop/PROGRAMMING/MY-PROJECTS/EduAccess/store/admin.py
2024-09-19 15:14:40.220 [info] Active editor: file:///home/zoro/Desktop/PROGRAMMING/MY-PROJECTS/EduAccess/store/models.py
2024-09-19 15:15:26.961 [info] Active editor: file:///home/zoro/Desktop/PROGRAMMING/MY-PROJECTS/EduAccess/EduAccess/settings.py
2024-09-19 15:15:29.773 [info] Active editor: file:///home/zoro/Desktop/PROGRAMMING/MY-PROJECTS/EduAccess/EduAccess/urls.py
2024-09-19 15:15:40.649 [info] /home/zoro/Desktop/PROGRAMMING/MY-PROJECTS/EduAccess/EduAccess/urls.py closed
2024-09-19 15:15:40.654 [info] Active editor: file:///home/zoro/Desktop/PROGRAMMING/MY-PROJECTS/EduAccess/school/urls.py
2024-09-19 15:21:02.426 [info] /home/zoro/Desktop/PROGRAMMING/MY-PROJECTS/EduAccess/library/admin.py closed
2024-09-19 15:21:06.787 [info] Active editor: file:///home/zoro/Desktop/PROGRAMMING/MY-PROJECTS/EduAccess/school/models.py
2024-09-19 15:21:07.802 [info] Active editor: file:///home/zoro/Desktop/PROGRAMMING/MY-PROJECTS/EduAccess/school/models.py
2024-09-19 15:27:55.202 [info] Active editor: file:///home/zoro/Desktop/PROGRAMMING/MY-PROJECTS/EduAccess/library/templates/library/library_view.html
2024-09-19 15:27:55.271 [info] Active editor: file:///home/zoro/Desktop/PROGRAMMING/MY-PROJECTS/EduAccess/library/models.py
2024-09-19 15:28:09.870 [info] Active editor: file:///home/zoro/Desktop/PROGRAMMING/MY-PROJECTS/EduAccess/library/templates/library/book_view.html
2024-09-19 15:28:26.579 [info] Active editor: file:///home/zoro/Desktop/PROGRAMMING/MY-PROJECTS/EduAccess/school/templates/school/grade_view.html
2024-09-19 15:28:31.116 [info] Active editor: file:///home/zoro/Desktop/PROGRAMMING/MY-PROJECTS/EduAccess/library/templates/library/book_view.html
2024-09-19 15:28:33.983 [info] Active editor: file:///home/zoro/Desktop/PROGRAMMING/MY-PROJECTS/EduAccess/library/templates/library/library_view.html
2024-09-19 15:28:38.173 [info] Active editor: file:///home/zoro/Desktop/PROGRAMMING/MY-PROJECTS/EduAccess/library/templates/library/book_view.html
2024-09-19 15:28:48.776 [info] Active editor: file:///home/zoro/Desktop/PROGRAMMING/MY-PROJECTS/EduAccess/store/models.py
2024-09-19 15:29:29.990 [info] Active editor: file:///home/zoro/Desktop/PROGRAMMING/MY-PROJECTS/EduAccess/store/templates/store/store_view.html
2024-09-19 15:29:57.711 [info] Active editor: file:///home/zoro/Desktop/PROGRAMMING/MY-PROJECTS/EduAccess/store/templates/items_view.html
2024-09-19 15:30:02.765 [info] /home/zoro/Desktop/PROGRAMMING/MY-PROJECTS/EduAccess/store/templates/items_view.html closed
2024-09-19 15:30:02.855 [info] Active editor: file:///home/zoro/Desktop/PROGRAMMING/MY-PROJECTS/EduAccess/store/templates/store/items_view.html
2024-09-19 15:30:16.340 [info] /home/zoro/Desktop/PROGRAMMING/MY-PROJECTS/EduAccess/school/templates/school/grade_view.html closed
2024-09-19 15:30:16.361 [info] Active editor: file:///home/zoro/Desktop/PROGRAMMING/MY-PROJECTS/EduAccess/store/views.py
2024-09-19 15:30:50.724 [info] Active editor: file:///home/zoro/Desktop/PROGRAMMING/MY-PROJECTS/EduAccess/library/views.py
2024-09-19 15:31:01.725 [info] Active editor: file:///home/zoro/Desktop/PROGRAMMING/MY-PROJECTS/EduAccess/school/views.py
2024-09-19 15:31:08.391 [info] Active editor: file:///home/zoro/Desktop/PROGRAMMING/MY-PROJECTS/EduAccess/library/views.py
2024-09-19 15:31:23.204 [info] Active editor: file:///home/zoro/Desktop/PROGRAMMING/MY-PROJECTS/EduAccess/school/views.py
2024-09-19 15:31:29.936 [info] Active editor: file:///home/zoro/Desktop/PROGRAMMING/MY-PROJECTS/EduAccess/library/views.py
2024-09-19 15:31:51.274 [info] Active editor: file:///home/zoro/Desktop/PROGRAMMING/MY-PROJECTS/EduAccess/store/views.py
2024-09-19 15:34:36.335 [info] Active editor: file:///home/zoro/Desktop/PROGRAMMING/MY-PROJECTS/EduAccess/library/views.py
2024-09-19 15:37:26.958 [info] Active editor: file:///home/zoro/Desktop/PROGRAMMING/MY-PROJECTS/EduAccess/store/views.py
2024-09-19 15:37:54.378 [info] Active editor: file:///home/zoro/Desktop/PROGRAMMING/MY-PROJECTS/EduAccess/store/urls.py
2024-09-19 15:39:21.442 [info] Active editor: file:///home/zoro/Desktop/PROGRAMMING/MY-PROJECTS/EduAccess/store/views.py
2024-09-19 15:39:26.451 [info] Active editor: file:///home/zoro/Desktop/PROGRAMMING/MY-PROJECTS/EduAccess/store/urls.py
2024-09-19 15:40:36.163 [info] Active editor: file:///home/zoro/Desktop/PROGRAMMING/MY-PROJECTS/EduAccess/store/templates/store/store_view.html
2024-09-19 15:40:43.106 [info] /home/zoro/Desktop/PROGRAMMING/MY-PROJECTS/EduAccess/store/templates/store/store_view.html closed
2024-09-19 15:40:43.181 [info] Active editor: file:///home/zoro/Desktop/PROGRAMMING/MY-PROJECTS/EduAccess/store/templates/store/stores_view.html
2024-09-19 15:40:49.275 [info] Active editor: file:///home/zoro/Desktop/PROGRAMMING/MY-PROJECTS/EduAccess/store/views.py
2024-09-19 15:41:02.089 [info] Active editor: file:///home/zoro/Desktop/PROGRAMMING/MY-PROJECTS/EduAccess/store/urls.py
2024-09-19 15:42:03.403 [info] Active editor: file:///home/zoro/Desktop/PROGRAMMING/MY-PROJECTS/EduAccess/school/urls.py
2024-09-19 15:42:16.299 [info] Active editor: file:///home/zoro/Desktop/PROGRAMMING/MY-PROJECTS/EduAccess/store/urls.py
2024-09-19 15:42:39.807 [info] Active editor: file:///home/zoro/Desktop/PROGRAMMING/MY-PROJECTS/EduAccess/library/urls.py
2024-09-19 15:43:05.145 [info] Active editor: file:///home/zoro/Desktop/PROGRAMMING/MY-PROJECTS/EduAccess/library/templates/library/book_view.html
2024-09-19 15:43:14.102 [info] /home/zoro/Desktop/PROGRAMMING/MY-PROJECTS/EduAccess/library/templates/library/book_view.html closed
2024-09-19 15:43:14.170 [info] Active editor: file:///home/zoro/Desktop/PROGRAMMING/MY-PROJECTS/EduAccess/library/templates/library/books_view.html
2024-09-19 15:43:15.831 [info] Active editor: file:///home/zoro/Desktop/PROGRAMMING/MY-PROJECTS/EduAccess/library/templates/library/library_view.html
2024-09-19 15:43:21.100 [info] /home/zoro/Desktop/PROGRAMMING/MY-PROJECTS/EduAccess/library/templates/library/library_view.html closed
2024-09-19 15:43:21.199 [info] Active editor: file:///home/zoro/Desktop/PROGRAMMING/MY-PROJECTS/EduAccess/library/templates/library/librarys_view.html
2024-09-19 15:43:25.060 [info] Active editor: file:///home/zoro/Desktop/PROGRAMMING/MY-PROJECTS/EduAccess/library/views.py
2024-09-19 15:43:45.571 [info] Active editor: file:///home/zoro/Desktop/PROGRAMMING/MY-PROJECTS/EduAccess/library/templates/library/librarys_view.html
2024-09-19 15:43:54.955 [info] /home/zoro/Desktop/PROGRAMMING/MY-PROJECTS/EduAccess/library/templates/library/librarys_view.html closed
2024-09-19 15:43:55.032 [info] Active editor: file:///home/zoro/Desktop/PROGRAMMING/MY-PROJECTS/EduAccess/library/templates/library/libraries_view.html
2024-09-19 15:44:16.331 [info] Active editor: file:///home/zoro/Desktop/PROGRAMMING/MY-PROJECTS/EduAccess/library/urls.py
2024-09-19 15:44:32.430 [info] Active editor: file:///home/zoro/Desktop/PROGRAMMING/MY-PROJECTS/EduAccess/library/views.py
2024-09-19 15:44:42.319 [info] Active editor: file:///home/zoro/Desktop/PROGRAMMING/MY-PROJECTS/EduAccess/library/urls.py
2024-09-19 15:45:32.926 [info] Active editor: file:///home/zoro/Desktop/PROGRAMMING/MY-PROJECTS/EduAccess/store/urls.py
2024-09-19 15:53:11.111 [info] Active editor: file:///home/zoro/Desktop/PROGRAMMING/MY-PROJECTS/EduAccess/EduAccess/templates/base.html
2024-09-19 15:53:31.814 [info] /home/zoro/Desktop/PROGRAMMING/MY-PROJECTS/EduAccess/EduAccess/templates/base.html closed
2024-09-19 15:53:31.820 [info] Active editor: file:///home/zoro/Desktop/PROGRAMMING/MY-PROJECTS/EduAccess/store/urls.py
2024-09-19 15:53:33.485 [info] /home/zoro/Desktop/PROGRAMMING/MY-PROJECTS/EduAccess/library/models.py closed
2024-09-19 15:53:34.272 [info] /home/zoro/Desktop/PROGRAMMING/MY-PROJECTS/EduAccess/library/templates/library/books_view.html closed
2024-09-19 15:53:36.266 [info] /home/zoro/Desktop/PROGRAMMING/MY-PROJECTS/EduAccess/EduAccess/settings.py closed
2024-09-19 15:53:37.148 [info] /home/zoro/Desktop/PROGRAMMING/MY-PROJECTS/EduAccess/school/urls.py closed
2024-09-19 15:53:39.227 [info] /home/zoro/Desktop/PROGRAMMING/MY-PROJECTS/EduAccess/store/models.py closed
2024-09-19 15:53:40.227 [info] Active editor: file:///home/zoro/Desktop/PROGRAMMING/MY-PROJECTS/EduAccess/school/templates/school/register_view.html
2024-09-19 15:53:41.713 [info] /home/zoro/Desktop/PROGRAMMING/MY-PROJECTS/EduAccess/school/templates/school/register_view.html closed
2024-09-19 15:53:41.717 [info] Active editor: file:///home/zoro/Desktop/PROGRAMMING/MY-PROJECTS/EduAccess/store/urls.py
2024-09-19 15:53:42.758 [info] /home/zoro/Desktop/PROGRAMMING/MY-PROJECTS/EduAccess/school/templates/logout_view.html closed
2024-09-19 15:53:45.440 [info] /home/zoro/Desktop/PROGRAMMING/MY-PROJECTS/EduAccess/school/templates/school/login_view.html closed
2024-09-19 15:53:48.410 [info] /home/zoro/Desktop/PROGRAMMING/MY-PROJECTS/EduAccess/store/templates/store/stores_view.html closed
2024-09-19 15:53:49.293 [info] /home/zoro/Desktop/PROGRAMMING/MY-PROJECTS/EduAccess/store/templates/store/items_view.html closed
2024-09-19 15:53:50.897 [info] /home/zoro/Desktop/PROGRAMMING/MY-PROJECTS/EduAccess/store/views.py closed
2024-09-19 15:53:52.421 [info] /home/zoro/Desktop/PROGRAMMING/MY-PROJECTS/EduAccess/store/urls.py closed
2024-09-19 15:53:52.426 [info] Active editor: file:///home/zoro/Desktop/PROGRAMMING/MY-PROJECTS/EduAccess/library/urls.py
2024-09-19 15:53:53.225 [info] /home/zoro/Desktop/PROGRAMMING/MY-PROJECTS/EduAccess/library/urls.py closed
2024-09-19 15:53:53.231 [info] Active editor: file:///home/zoro/Desktop/PROGRAMMING/MY-PROJECTS/EduAccess/library/views.py
2024-09-19 15:53:54.794 [info] /home/zoro/Desktop/PROGRAMMING/MY-PROJECTS/EduAccess/library/views.py closed
2024-09-19 15:53:54.801 [info] Active editor: file:///home/zoro/Desktop/PROGRAMMING/MY-PROJECTS/EduAccess/library/templates/library/libraries_view.html
2024-09-19 15:53:56.327 [info] /home/zoro/Desktop/PROGRAMMING/MY-PROJECTS/EduAccess/school/models.py closed
2024-09-19 15:53:58.361 [info] /home/zoro/Desktop/PROGRAMMING/MY-PROJECTS/EduAccess/store/admin.py closed
2024-09-19 15:54:00.005 [info] /home/zoro/Desktop/PROGRAMMING/MY-PROJECTS/EduAccess/school/views.py closed
2024-09-19 15:54:02.507 [info] Active editor: file:///home/zoro/Desktop/PROGRAMMING/MY-PROJECTS/EduAccess/EduAccess/templates/base.html
2024-09-19 15:54:05.253 [info] /home/zoro/Desktop/PROGRAMMING/MY-PROJECTS/EduAccess/library/templates/library/libraries_view.html closed
