2024-09-24 19:17:39.331 [info] /home/zoro/Desktop/PROGRAMMING/MY-PROJECTS/EduAccess/school/models.py closed
2024-09-24 19:17:39.363 [info] Active editor: file:///home/zoro/Desktop/PROGRAMMING/MY-PROJECTS/EduAccess/school/views.py
2024-09-24 19:36:47.854 [info] Active editor: file:///home/zoro/Desktop/PROGRAMMING/MY-PROJECTS/EduAccess/school/templates/school/register_view.html
2024-09-24 19:38:15.985 [info] Active editor: file:///home/zoro/Desktop/PROGRAMMING/MY-PROJECTS/EduAccess/school/views.py
2024-09-24 19:44:27.243 [info] Active editor: file:///home/zoro/Desktop/PROGRAMMING/MY-PROJECTS/EduAccess/school/urls.py
2024-09-24 19:52:08.917 [info] Active editor: file:///home/zoro/Desktop/PROGRAMMING/MY-PROJECTS/EduAccess/school/templates/school/register_view.html
2024-09-24 19:54:54.769 [info] Active editor: file:///home/zoro/Desktop/PROGRAMMING/MY-PROJECTS/EduAccess/school/templates/school/login_view.html
2024-09-24 19:57:24.663 [info] Active editor: file:///home/zoro/Desktop/PROGRAMMING/MY-PROJECTS/EduAccess/school/templates/school/logout_view.html
2024-09-24 19:57:28.890 [info] /home/zoro/Desktop/PROGRAMMING/MY-PROJECTS/EduAccess/school/templates/school/logout_view.html closed
2024-09-24 19:57:28.909 [info] Active editor: file:///home/zoro/Desktop/PROGRAMMING/MY-PROJECTS/EduAccess/school/templates/school/home_view.html
2024-09-24 19:59:19.187 [info] Active editor: file:///home/zoro/Desktop/PROGRAMMING/MY-PROJECTS/EduAccess/school/templates/school/logout_view.html
2024-09-24 19:59:25.568 [info] Active editor: file:///home/zoro/Desktop/PROGRAMMING/MY-PROJECTS/EduAccess/school/templates/school/login_view.html
2024-09-24 19:59:33.123 [info] Active editor: file:///home/zoro/Desktop/PROGRAMMING/MY-PROJECTS/EduAccess/school/urls.py
2024-09-24 20:00:51.039 [info] Active editor: file:///home/zoro/Desktop/PROGRAMMING/MY-PROJECTS/EduAccess/school/views.py
2024-09-24 20:01:33.435 [info] Active editor: file:///home/zoro/Desktop/PROGRAMMING/MY-PROJECTS/EduAccess/school/templates/school/login_view.html
2024-09-24 20:04:16.090 [info] Active editor: file:///home/zoro/Desktop/PROGRAMMING/MY-PROJECTS/EduAccess/school/views.py
2024-09-24 20:04:24.113 [info] Active editor: file:///home/zoro/Desktop/PROGRAMMING/MY-PROJECTS/EduAccess/school/templates/school/login_view.html
2024-09-26 02:47:09.696 [info] /home/zoro/Desktop/PROGRAMMING/MY-PROJECTS/EduAccess/school/templates/school/logout_view.html closed
2024-09-26 02:47:09.732 [info] Active editor: file:///home/zoro/Desktop/PROGRAMMING/MY-PROJECTS/EduAccess/school/models.py
2024-09-26 02:47:58.984 [info] /home/zoro/Desktop/PROGRAMMING/MY-PROJECTS/EduAccess/school/models.py closed
2024-09-26 02:47:59.001 [info] Active editor: file:///home/zoro/Desktop/PROGRAMMING/MY-PROJECTS/EduAccess/library/models.py
2024-09-26 03:02:30.971 [info] Active editor: file:///home/zoro/Desktop/PROGRAMMING/MY-PROJECTS/EduAccess/library/admin.py
2024-09-26 03:03:04.613 [info] Active editor: file:///home/zoro/Desktop/PROGRAMMING/MY-PROJECTS/EduAccess/library/models.py
2024-09-26 03:07:36.547 [info] Active editor: file:///home/zoro/Desktop/PROGRAMMING/MY-PROJECTS/EduAccess/school/models.py
2024-09-26 03:08:25.997 [info] /home/zoro/Desktop/PROGRAMMING/MY-PROJECTS/EduAccess/school/models.py closed
2024-09-26 03:08:26.019 [info] Active editor: file:///home/zoro/Desktop/PROGRAMMING/MY-PROJECTS/EduAccess/school/__init__.py
2024-09-26 03:08:26.912 [info] /home/zoro/Desktop/PROGRAMMING/MY-PROJECTS/EduAccess/school/__init__.py closed
2024-09-26 03:08:26.985 [info] Active editor: file:///home/zoro/Desktop/PROGRAMMING/MY-PROJECTS/EduAccess/school/admin.py
2024-09-26 03:09:25.648 [info] Active editor: file:///home/zoro/Desktop/PROGRAMMING/MY-PROJECTS/EduAccess/school/models.py
2024-09-26 03:09:38.281 [info] Active editor: file:///home/zoro/Desktop/PROGRAMMING/MY-PROJECTS/EduAccess/school/admin.py
2024-09-26 03:13:57.612 [info] Active editor: file:///home/zoro/Desktop/PROGRAMMING/MY-PROJECTS/EduAccess/school/models.py
2024-09-26 03:15:22.410 [info] /home/zoro/Desktop/PROGRAMMING/MY-PROJECTS/EduAccess/school/models.py closed
2024-09-26 03:15:22.425 [info] Active editor: file:///home/zoro/Desktop/PROGRAMMING/MY-PROJECTS/EduAccess/school/admin.py
2024-09-26 03:15:24.206 [info] Active editor: file:///home/zoro/Desktop/PROGRAMMING/MY-PROJECTS/EduAccess/school/models.py
2024-09-26 04:00:53.390 [info] Active editor: file:///home/zoro/Desktop/PROGRAMMING/MY-PROJECTS/EduAccess/library/migrations/0001_initial.py
