2024-09-24 19:16:41.373 [info] [main] Log level: Info
2024-09-24 19:16:41.373 [info] [main] Validating found git in: "git"
2024-09-24 19:16:41.373 [info] [main] Using git "2.46.1" from "git"
2024-09-24 19:16:41.373 [info] [Model][doInitialScan] Initial repository scan started
2024-09-24 19:16:41.373 [info] > git rev-parse --show-toplevel [10ms]
2024-09-24 19:16:41.375 [info] > git rev-parse --show-toplevel [13ms]
2024-09-24 19:16:41.411 [info] > git rev-parse --show-toplevel [24ms]
2024-09-24 19:16:41.449 [info] > git rev-parse --show-toplevel [19ms]
2024-09-24 19:16:41.469 [info] > git rev-parse --show-toplevel [7ms]
2024-09-24 19:16:41.478 [info] > git rev-parse --show-toplevel [1ms]
2024-09-24 19:16:41.488 [info] > git rev-parse --show-toplevel [2ms]
2024-09-24 19:16:41.499 [info] > git rev-parse --show-toplevel [2ms]
2024-09-24 19:16:41.507 [info] > git rev-parse --show-toplevel [3ms]
2024-09-24 19:16:41.510 [info] [Model][doInitialScan] Initial repository scan completed - repositories (0), closed repositories (0), parent repositories (1), unsafe repositories (0)
2024-09-24 19:17:39.370 [info] > git rev-parse --show-toplevel [1ms]
2024-09-24 19:36:47.863 [info] > git rev-parse --show-toplevel [2ms]
2024-09-24 19:38:15.998 [info] > git rev-parse --show-toplevel [4ms]
2024-09-24 19:44:27.252 [info] > git rev-parse --show-toplevel [3ms]
2024-09-24 19:52:08.925 [info] > git rev-parse --show-toplevel [2ms]
2024-09-24 19:54:54.782 [info] > git rev-parse --show-toplevel [3ms]
2024-09-24 19:57:24.671 [info] > git rev-parse --show-toplevel [2ms]
2024-09-24 19:57:28.918 [info] > git rev-parse --show-toplevel [4ms]
2024-09-24 19:59:19.198 [info] > git rev-parse --show-toplevel [3ms]
2024-09-24 19:59:25.599 [info] > git rev-parse --show-toplevel [8ms]
2024-09-24 19:59:33.143 [info] > git rev-parse --show-toplevel [4ms]
2024-09-24 20:00:51.048 [info] > git rev-parse --show-toplevel [3ms]
2024-09-24 20:01:33.445 [info] > git rev-parse --show-toplevel [2ms]
2024-09-24 20:04:16.101 [info] > git rev-parse --show-toplevel [3ms]
2024-09-24 20:04:24.120 [info] > git rev-parse --show-toplevel [1ms]
2024-09-26 02:47:09.768 [info] > git rev-parse --show-toplevel [8ms]
2024-09-26 02:47:59.011 [info] > git rev-parse --show-toplevel [3ms]
2024-09-26 03:02:30.978 [info] > git rev-parse --show-toplevel [2ms]
2024-09-26 03:03:04.624 [info] > git rev-parse --show-toplevel [4ms]
2024-09-26 03:07:36.556 [info] > git rev-parse --show-toplevel [3ms]
2024-09-26 03:08:26.028 [info] > git rev-parse --show-toplevel [3ms]
2024-09-26 03:08:27.001 [info] > git rev-parse --show-toplevel [3ms]
2024-09-26 03:09:25.656 [info] > git rev-parse --show-toplevel [2ms]
2024-09-26 03:09:38.292 [info] > git rev-parse --show-toplevel [3ms]
2024-09-26 03:13:57.625 [info] > git rev-parse --show-toplevel [4ms]
2024-09-26 03:15:22.435 [info] > git rev-parse --show-toplevel [4ms]
2024-09-26 03:15:24.216 [info] > git rev-parse --show-toplevel [4ms]
2024-09-26 04:00:53.399 [info] > git rev-parse --show-toplevel [2ms]
