2024-09-24 19:16:41.340 [info] (Client) Pylance async client (2024.9.2) started with python extension (2024.14.1)
2024-09-24 19:16:41.411 [info] [Info  - 7:16:41 PM] (64522) Server root directory: file:///root/.vscode/extensions/ms-python.vscode-pylance-2024.9.2/dist
2024-09-24 19:16:41.423 [info] [Info  - 7:16:41 PM] (64522) Pylance language server 2024.9.2 (pyright version 1.1.378, commit ce64adc1) starting
2024-09-24 19:16:41.430 [info] [Info  - 7:16:41 PM] (64522) Starting service instance "EduAccess"
2024-09-24 19:16:41.498 [info] [Info  - 7:16:41 PM] (64522) Setting environmentName for service "EduAccess": "3.10.12 (global)"
2024-09-24 19:16:41.498 [info] [Info  - 7:16:41 PM] (64522) Setting pythonPath for service "EduAccess": "/bin/python3"
2024-09-24 19:16:41.498 [info] [Info  - 7:16:41 PM] (64522) No include entries specified; assuming /home/zoro/Desktop/PROGRAMMING/MY-PROJECTS/EduAccess
2024-09-24 19:16:41.500 [info] [Info  - 7:16:41 PM] (64522) Auto-excluding **/node_modules
2024-09-24 19:16:41.505 [info] [Info  - 7:16:41 PM] (64522) Auto-excluding **/__pycache__
2024-09-24 19:16:41.505 [info] [Info  - 7:16:41 PM] (64522) Auto-excluding **/.*
2024-09-24 19:16:41.535 [info] [Info  - 7:16:41 PM] (64522) Assuming Python version 3.10.12.final.0
2024-09-24 19:16:41.780 [info] [Info  - 7:16:41 PM] (64522) Found 177 source files
2024-09-24 19:16:42.152 [info] [Info  - 7:16:42 PM] (64522) Background analysis(1) root directory: file:///root/.vscode/extensions/ms-python.vscode-pylance-2024.9.2/dist
2024-09-24 19:16:42.154 [info] [Info  - 7:16:42 PM] (64522) Background analysis(1) started
2024-09-24 19:16:42.539 [info] [Info  - 7:16:42 PM] (64522) Indexer background runner(2) root directory: file:///root/.vscode/extensions/ms-python.vscode-pylance-2024.9.2/dist (index)
2024-09-24 19:16:42.540 [info] [Info  - 7:16:42 PM] (64522) Indexing(2) started
2024-09-24 19:16:43.315 [info] [Info  - 7:16:43 PM] (64522) scanned(2) 129 files over 1 exec env
2024-09-24 19:16:44.694 [info] [Info  - 7:16:44 PM] (64522) indexed(2) 72 files over 1 exec env
2024-09-24 19:16:44.732 [info] [Info  - 7:16:44 PM] (64522) Indexing finished(2).
2024-09-24 19:29:46.294 [info] [Info  - 7:29:46 PM] (64522) Starting service instance "<default>"
2024-09-24 19:29:46.347 [info] [Info  - 7:29:46 PM] (64522) Setting environmentName for service "<default>": "3.10.12 (global)"
2024-09-24 19:29:46.348 [info] [Info  - 7:29:46 PM] (64522) Setting pythonPath for service "<default>": "/bin/python3"
2024-09-24 19:29:46.349 [info] [Info  - 7:29:46 PM] (64522) No include entries specified; assuming /<default workspace root>
2024-09-24 19:29:46.350 [info] [Info  - 7:29:46 PM] (64522) Auto-excluding **/node_modules
2024-09-24 19:29:46.350 [info] [Info  - 7:29:46 PM] (64522) Auto-excluding **/__pycache__
2024-09-24 19:29:46.350 [info] [Info  - 7:29:46 PM] (64522) Auto-excluding **/.*
2024-09-24 19:29:46.418 [info] [Info  - 7:29:46 PM] (64522) Assuming Python version 3.10.12.final.0
2024-09-24 19:29:46.473 [info] [Error - 7:29:46 PM] (64522) File or directory "/<default workspace root>" does not exist.
2024-09-24 19:29:46.473 [info] [Info  - 7:29:46 PM] (64522) No source files found.
2024-09-24 19:29:46.999 [info] [Info  - 7:29:46 PM] (64522) Background analysis(3) root directory: file:///root/.vscode/extensions/ms-python.vscode-pylance-2024.9.2/dist
2024-09-24 19:29:47.003 [info] [Info  - 7:29:47 PM] (64522) Background analysis(3) started
2024-09-24 19:34:02.838 [info] [Info  - 7:34:02 PM] (64522) Found 178 source files
2024-09-24 19:35:33.483 [info] [Info  - 7:35:33 PM] (64522) Found 179 source files
2024-09-24 19:39:13.329 [info] [Info  - 7:39:13 PM] (64522) Found 180 source files
2024-09-24 19:40:18.812 [info] [Info  - 7:40:18 PM] (64522) Found 181 source files
2024-09-24 19:40:38.457 [info] [Info  - 7:40:38 PM] (64522) Found 182 source files
2024-09-24 19:45:29.429 [info] [Info  - 7:45:29 PM] (64522) Found 183 source files
2024-09-24 19:47:27.900 [info] [Info  - 7:47:27 PM] (64522) Found 184 source files
2024-09-24 19:49:15.657 [info] [Info  - 7:49:15 PM] (64522) Found 185 source files
2024-09-24 19:51:52.930 [info] [Info  - 7:51:52 PM] (64522) Found 186 source files
2024-09-24 20:01:05.613 [info] [Info  - 8:01:05 PM] (64522) Found 187 source files
2024-09-26 02:53:20.022 [info] [Info  - 2:53:20 AM] (64522) Found 188 source files
2024-09-26 02:54:43.208 [info] [Info  - 2:54:43 AM] (64522) Found 189 source files
2024-09-26 02:56:44.740 [info] [Info  - 2:56:44 AM] (64522) Found 190 source files
2024-09-26 02:57:43.469 [info] [Info  - 2:57:43 AM] (64522) Found 191 source files
2024-09-26 02:58:21.388 [info] [Info  - 2:58:21 AM] (64522) Found 192 source files
2024-09-26 03:00:18.228 [info] [Info  - 3:00:18 AM] (64522) Found 193 source files
2024-09-26 03:01:23.285 [info] [Info  - 3:01:23 AM] (64522) Found 194 source files
2024-09-26 03:02:28.069 [info] [Info  - 3:02:28 AM] (64522) Found 195 source files
2024-09-26 03:02:59.697 [info] [Info  - 3:02:59 AM] (64522) Found 196 source files
2024-09-26 03:04:07.044 [info] [Info  - 3:04:07 AM] (64522) Found 197 source files
2024-09-26 03:05:01.837 [info] [Info  - 3:05:01 AM] (64522) Found 198 source files
2024-09-26 03:05:26.319 [info] [Info  - 3:05:26 AM] (64522) Found 199 source files
2024-09-26 03:08:53.358 [info] [Info  - 3:08:53 AM] (64522) Found 200 source files
2024-09-26 03:14:32.723 [info] [Info  - 3:14:32 AM] (64522) Found 201 source files
2024-09-26 03:15:38.770 [info] [Info  - 3:15:38 AM] (64522) Found 202 source files
2024-09-26 03:16:43.074 [info] [Info  - 3:16:43 AM] (64522) Found 203 source files
2024-09-26 03:16:57.445 [info] [Info  - 3:16:57 AM] (64522) Found 204 source files
2024-09-26 03:36:13.033 [info] [Info  - 3:36:13 AM] (64522) Found 205 source files
2024-09-26 03:36:57.644 [info] [Info  - 3:36:57 AM] (64522) Found 206 source files
2024-09-26 03:37:53.602 [info] [Info  - 3:37:53 AM] (64522) Found 207 source files
2024-09-26 03:38:03.772 [info] [Info  - 3:38:03 AM] (64522) Found 208 source files
2024-09-26 03:39:46.889 [info] [Info  - 3:39:46 AM] (64522) Found 209 source files
2024-09-26 03:40:35.167 [info] [Info  - 3:40:35 AM] (64522) Found 210 source files
2024-09-26 03:40:41.597 [info] [Info  - 3:40:41 AM] (64522) Found 211 source files
2024-09-26 03:42:16.980 [info] [Info  - 3:42:16 AM] (64522) Found 212 source files
2024-09-26 03:46:16.564 [info] [Info  - 3:46:16 AM] (64522) Found 213 source files
2024-09-26 03:47:16.642 [info] [Info  - 3:47:16 AM] (64522) Found 212 source files
2024-09-26 03:54:02.948 [info] [Info  - 3:54:02 AM] (64522) Found 213 source files
2024-09-26 03:55:31.263 [info] [Info  - 3:55:31 AM] (64522) Found 214 source files
2024-09-26 03:57:11.940 [info] [Info  - 3:57:11 AM] (64522) Found 215 source files
2024-09-26 03:57:24.763 [info] [Info  - 3:57:24 AM] (64522) Found 216 source files
2024-09-26 03:58:11.578 [info] [Info  - 3:58:11 AM] (64522) Found 217 source files
2024-09-26 03:58:59.552 [info] [Info  - 3:58:59 AM] (64522) Found 218 source files
2024-09-26 03:59:02.596 [info] [Info  - 3:59:02 AM] (64522) Found 213 source files
