2024-09-18 16:47:59.324 [info] Added views:workbench.panel.markers.view in workbench.panel.markers
2024-09-18 16:47:59.324 [info] Added views:workbench.panel.output in workbench.panel.output
2024-09-18 16:47:59.324 [info] Added views:terminal in terminal
2024-09-18 16:47:59.324 [info] Added views:outline in workbench.view.explorer
2024-09-18 16:47:59.324 [info] Added views:workbench.scm in workbench.view.scm
2024-09-18 16:47:59.324 [info] Added views:workbench.view.search in workbench.view.search
2024-09-18 16:47:59.324 [info] Added views:timeline in workbench.view.explorer
2024-09-18 16:47:59.324 [info] Added views:workbench.explorer.fileView in workbench.view.explorer
2024-09-18 16:47:59.524 [info] Added views:workbench.debug.welcome in workbench.view.debug
2024-09-18 16:48:00.062 [info] Added views:github.cweijan.mysql in workbench.view.extension.github-cweijan-mysql
2024-09-18 16:48:00.063 [info] Added views:github.cweijan.nosql in workbench.view.extension.github-cweijan-nosql
2024-09-18 16:48:00.063 [info] Added views:postman-for-vscode.sidebar-panel in workbench.view.extension.sidebar-panel
2024-09-18 16:48:00.063 [info] Added views:postman-console-view in workbench.view.extension.postman-console-view-container
2024-09-18 16:48:00.300 [info] Added views:workbench.panel.repl.view in workbench.panel.repl
2024-09-18 16:48:00.602 [info] Added views:workbench.view.testing in workbench.view.extension.test
2024-09-18 16:48:01.198 [info] Added views:~remote.forwardedPorts in ~remote.forwardedPortsContainer
2024-09-18 16:55:38.032 [info] Added views:workbench.debug.breakPointsView in workbench.view.debug
2024-09-18 16:55:42.684 [info] Removed views:workbench.debug.breakPointsView from workbench.view.debug
2024-09-18 18:32:41.166 [info] Added views:workbench.views.extensions.installed,workbench.views.extensions.popular,extensions.recommendedList in workbench.view.extensions
2024-09-18 18:32:41.211 [info] Removed views:workbench.views.extensions.popular from workbench.view.extensions
2024-09-18 18:32:49.671 [info] Removed views:workbench.view.testing from workbench.view.extension.test
2024-09-18 18:32:50.301 [info] Removed views:workbench.panel.repl.view from workbench.panel.repl
2024-09-18 18:32:50.335 [info] Added views:workbench.panel.repl.view in workbench.panel.repl
2024-09-18 18:32:51.201 [info] Added views:workbench.view.testing in workbench.view.extension.test
